Log file open, 10/23/18 13:24:35
LogWindows: Failed to load 'aqProf.dll' (GetLastError=126)
LogWindows: File 'aqProf.dll' does not exist
LogWindows: Failed to load 'VSPerf140.dll' (GetLastError=126)
LogWindows: File 'VSPerf140.dll' does not exist
LogWindows: Failed to load 'VtuneApi.dll' (GetLastError=126)
LogWindows: File 'VtuneApi.dll' does not exist
LogWindows: Failed to load 'VtuneApi32e.dll' (GetLastError=126)
LogWindows: File 'VtuneApi32e.dll' does not exist
LogInit: Display: Running engine for game: Project
LogPlatformFile: Not using cached read wrapper
LogTaskGraph: Started task graph with 5 named threads and 47 total threads with 3 sets of task threads.
LogStats: Stats thread started at 0.978879
LogD3D11RHI: Loaded GFSDK_Aftermath_Lib.x64.dll
LogICUInternationalization: Display: ICU TimeZone Detection - Raw Offset: -5:00, Platform Override: ''
LogPluginManager: Mounting plugin Paper2D
LogPluginManager: Mounting plugin AISupport
LogPluginManager: Mounting plugin LightPropagationVolume
LogPluginManager: Mounting plugin CLionSourceCodeAccess
LogPluginManager: Mounting plugin CodeLiteSourceCodeAccess
LogPluginManager: Mounting plugin GitSourceControl
LogPluginManager: Mounting plugin KDevelopSourceCodeAccess
LogPluginManager: Mounting plugin NullSourceCodeAccess
LogPluginManager: Mounting plugin PerforceSourceControl
LogPluginManager: Mounting plugin SubversionSourceControl
LogPluginManager: Mounting plugin UObjectPlugin
LogPluginManager: Mounting plugin VisualStudioCodeSourceCodeAccess
LogPluginManager: Mounting plugin VisualStudioSourceCodeAccess
LogPluginManager: Mounting plugin XCodeSourceCodeAccess
LogPluginManager: Mounting plugin AssetManagerEditor
LogPluginManager: Mounting plugin CryptoKeys
LogPluginManager: Mounting plugin DataValidation
LogPluginManager: Mounting plugin FacialAnimation
LogPluginManager: Mounting plugin GameplayTagsEditor
LogPluginManager: Mounting plugin MacGraphicsSwitching
LogPluginManager: Mounting plugin MeshEditor
LogPluginManager: Mounting plugin MobileLauncherProfileWizard
LogPluginManager: Mounting plugin PluginBrowser
LogPluginManager: Mounting plugin SpeedTreeImporter
LogPluginManager: Mounting plugin DatasmithContent
LogPluginManager: Mounting plugin AlembicImporter
LogPluginManager: Mounting plugin AppleImageUtils
LogPluginManager: Mounting plugin AppleVision
LogPluginManager: Mounting plugin BackChannel
LogPluginManager: Mounting plugin CharacterAI
LogPluginManager: Mounting plugin GeometryCache
LogPluginManager: Mounting plugin HTML5Networking
LogPluginManager: Mounting plugin ProxyLODPlugin
LogPluginManager: Mounting plugin MagicLeap
LogPluginManager: Mounting plugin MagicLeapEmulator
LogPluginManager: Mounting plugin MagicLeapMedia
LogPluginManager: Mounting plugin AndroidMedia
LogPluginManager: Mounting plugin AvfMedia
LogPluginManager: Mounting plugin ImgMedia
LogPluginManager: Mounting plugin LinearTimecode
LogPluginManager: Mounting plugin MediaCompositing
LogPluginManager: Mounting plugin MediaPlayerEditor
LogPluginManager: Mounting plugin WmfMedia
LogPluginManager: Mounting plugin TcpMessaging
LogPluginManager: Mounting plugin UdpMessaging
LogPluginManager: Mounting plugin ActorSequence
LogPluginManager: Mounting plugin LevelSequenceEditor
LogPluginManager: Mounting plugin MatineeToLevelSequence
LogPluginManager: Mounting plugin NetcodeUnitTest
LogPluginManager: Mounting plugin NUTUnrealEngine4
LogPluginManager: Mounting plugin OnlineSubsystemGooglePlay
LogPluginManager: Mounting plugin OnlineSubsystemIOS
LogPluginManager: Mounting plugin OnlineSubsystem
LogPluginManager: Mounting plugin OnlineSubsystemNull
LogPluginManager: Mounting plugin OnlineSubsystemUtils
LogPluginManager: Mounting plugin LauncherChunkInstaller
LogPluginManager: Mounting plugin AndroidDeviceProfileSelector
LogPluginManager: Mounting plugin AndroidMoviePlayer
LogPluginManager: Mounting plugin AndroidPermission
LogPluginManager: Mounting plugin AppleMoviePlayer
LogPluginManager: Mounting plugin ArchVisCharacter
LogPluginManager: Mounting plugin AudioCapture
LogPluginManager: Mounting plugin CableComponent
LogPluginManager: Mounting plugin CustomMeshComponent
LogPluginManager: Mounting plugin EditableMesh
LogPluginManager: Mounting plugin ExampleDeviceProfileSelector
LogPluginManager: Mounting plugin GoogleCloudMessaging
LogPluginManager: Mounting plugin ImmediatePhysics
LogPluginManager: Mounting plugin IOSDeviceProfileSelector
LogPluginManager: Mounting plugin LinuxDeviceProfileSelector
LogPluginManager: Mounting plugin LocationServicesBPLibrary
LogPluginManager: Mounting plugin MobilePatchingUtils
LogPluginManager: Mounting plugin OculusVR
LogPluginManager: Plugin shader directory ../../../Engine/Plugins/Runtime/Oculus/OculusVR/Shaders found
LogPluginManager: Mapping shader source directory ../../../Engine/Plugins/Runtime/Oculus/OculusVR/Shaders to virtual directory /Plugin/OculusVR
LogPluginManager: Mounting plugin PhysXVehicles
LogPluginManager: Mounting plugin ProceduralMeshComponent
LogPluginManager: Mounting plugin RuntimePhysXCooking
LogPluginManager: Mounting plugin SteamVR
LogPluginManager: Mounting plugin WindowsMoviePlayer
LogStreaming: Display: Took  0.282s to configure plugins.
LogInit: Using libcurl 7.55.1-DEV
LogInit:  - built for x86_64-pc-win32
LogInit:  - supports SSL with OpenSSL/1.0.2h
LogInit:  - supports HTTP deflate (compression) using libz 1.2.8
LogInit:  - other features:
LogInit:      CURL_VERSION_SSL
LogInit:      CURL_VERSION_LIBZ
LogInit:      CURL_VERSION_IPV6
LogInit:      CURL_VERSION_ASYNCHDNS
LogInit:      CURL_VERSION_LARGEFILE
LogInit:      CURL_VERSION_IDN
LogInit:  CurlRequestOptions (configurable via config and command line):
LogInit:  - bVerifyPeer = false  - Libcurl will NOT verify peer certificate
LogInit:  - bUseHttpProxy = false  - Libcurl will NOT use HTTP proxy
LogInit:  - bDontReuseConnections = false  - Libcurl will reuse connections
LogInit:  - CertBundlePath = nullptr  - Libcurl will use whatever was configured at build time.
LogInit:  - MaxHostConnections = 16  - Libcurl will limit the number of connections to a host
LogInit:  - LocalHostAddr = Default
LogInit:  - BufferSize = 65536
LogInit: WinSock: version 1.1 (2.2), MaxSocks=32767, MaxUdp=65467
LogInit: Build: ++UE4+Release-4.20-CL-4369336
LogInit: Engine Version: 4.20.3-4369336+++UE4+Release-4.20
LogInit: Compatible Engine Version: 4.20.0-4212847+++UE4+Release-4.20
LogInit: Net CL: 4212847
LogInit: OS: Windows 10 (), CPU: AMD Ryzen 7 2700 Eight-Core Processor          , GPU: NVIDIA GeForce GTX 1060 6GB
LogInit: Compiled (64-bit): Sep 17 2018 12:26:19
LogInit: Compiled with Visual C++: 19.13.26129.00
LogInit: Build Configuration: Development
LogInit: Branch Name: ++UE4+Release-4.20
LogInit: Command Line:  
LogInit: Base Directory: C:/Program Files/Epic Games/UE_4.20/Engine/Binaries/Win64/
LogInit: Installed Engine Build: 1
LogDevObjectVersion: Number of dev versions registered: 20
LogDevObjectVersion:   Dev-Blueprints (B0D832E4-1F89-4F0D-ACCF-7EB736FD4AA2): 10
LogDevObjectVersion:   Dev-Build (E1C64328-A22C-4D53-A36C-8E866417BD8C): 0
LogDevObjectVersion:   Dev-Core (375EC13C-06E4-48FB-B500-84F0262A717E): 2
LogDevObjectVersion:   Dev-Editor (E4B068ED-F494-42E9-A231-DA0B2E46BB41): 24
LogDevObjectVersion:   Dev-Framework (CFFC743F-43B0-4480-9391-14DF171D2073): 34
LogDevObjectVersion:   Dev-Mobile (B02B49B5-BB20-44E9-A304-32B752E40360): 2
LogDevObjectVersion:   Dev-Networking (A4E4105C-59A1-49B5-A7C5-40C4547EDFEE): 0
LogDevObjectVersion:   Dev-Online (39C831C9-5AE6-47DC-9A44-9C173E1C8E7C): 0
LogDevObjectVersion:   Dev-Physics (78F01B33-EBEA-4F98-B9B4-84EACCB95AA2): 0
LogDevObjectVersion:   Dev-Platform (6631380F-2D4D-43E0-8009-CF276956A95A): 0
LogDevObjectVersion:   Dev-Rendering (12F88B9F-8875-4AFC-A67C-D90C383ABD29): 26
LogDevObjectVersion:   Dev-Sequencer (7B5AE74C-D270-4C10-A958-57980B212A5A): 9
LogDevObjectVersion:   Dev-VR (D7296918-1DD6-4BDD-9DE2-64A83CC13884): 2
LogDevObjectVersion:   Dev-LoadTimes (C2A15278-BFE7-4AFE-6C17-90FF531DF755): 1
LogDevObjectVersion:   Private-Geometry (6EACA3D4-40EC-4CC1-B786-8BED09428FC5): 3
LogDevObjectVersion:   Dev-AnimPhys (29E575DD-E0A3-4627-9D10-D276232CDCEA): 17
LogDevObjectVersion:   Dev-ReflectionCapture (6B266CEC-1EC7-4B8F-A30B-E4D90942FC07): 1
LogDevObjectVersion:   Dev-Automation (0DF73D61-A23F-47EA-B727-89E90C41499A): 1
LogDevObjectVersion:   FortniteMain (601D1886-AC64-4F84-AA16-D3DE0DEAC7D6): 12
LogDevObjectVersion:   Dev-Enterprise (9DFFBCD6-494F-0158-E221-12823C92A888): 1
LogStreaming: Display: Took  0.000s to delete old logs.
LogInit: Presizing for max 8388607 objects, including 0 objects not considered by GC, pre-allocating 0 bytes for permanent pool.
LogInit: Object subsystem initialized
[2018.10.23-17.24.37:239][  0]LogInit: Selected Device Profile: [Windows]
[2018.10.23-17.24.37:239][  0]LogInit: Applying CVar settings loaded from the selected device profile: [Windows]
[2018.10.23-17.24.37:263][  0]LogHAL: Display: Platform has ~ 16 GB [17128628224 / 17179869184 / 16], which maps to Larger [LargestMinGB=32, LargerMinGB=12, DefaultMinGB=8, SmallerMinGB=6, SmallestMinGB=0)
[2018.10.23-17.24.37:265][  0]LogInit: Setting Device Profile CVar: [[r.Vulkan.UseRealUBs:1]]
[2018.10.23-17.24.37:265][  0]LogInit: Going up to parent DeviceProfile []
[2018.10.23-17.24.37:275][  0]LogInit: Computer: MONSTEROFMIDWAY
[2018.10.23-17.24.37:275][  0]LogInit: User: saxop
[2018.10.23-17.24.37:275][  0]LogInit: CPU Page size=4096, Cores=8
[2018.10.23-17.24.37:275][  0]LogInit: High frequency timer resolution =3.119139 MHz
[2018.10.23-17.24.37:277][  0]LogMemory: Memory total: Physical=16.0GB (16GB approx)
[2018.10.23-17.24.37:277][  0]LogMemory: Platform Memory Stats for Windows
[2018.10.23-17.24.37:277][  0]LogMemory: Process Physical Memory: 102.10 MB used, 102.10 MB peak
[2018.10.23-17.24.37:277][  0]LogMemory: Process Virtual Memory: 91.24 MB used, 91.24 MB peak
[2018.10.23-17.24.37:277][  0]LogMemory: Physical Memory: 10527.30 MB used,  5807.83 MB free, 16335.13 MB total
[2018.10.23-17.24.37:277][  0]LogMemory: Virtual Memory: 4678.09 MB used,  5807.83 MB free, 134217728.00 MB total
[2018.10.23-17.24.37:580][  0]LogInit: Using OS detected language (en-US).
[2018.10.23-17.24.37:580][  0]LogInit: Using OS detected locale (en-US).
[2018.10.23-17.24.37:585][  0]LogTextLocalizationManager: No specific localization for 'en-US' exists, so the 'en' localization will be used.
[2018.10.23-17.24.38:229][  0]LogStreaming: Display: Took  0.650s to InitEngineTextLocalization.
[2018.10.23-17.24.38:230][  0]LogInit: Setting process to per monitor DPI aware
[2018.10.23-17.24.38:366][  0]LogSlate: New Slate User Created.  User Index 0, Is Virtual User: 0
[2018.10.23-17.24.38:366][  0]LogSlate: Slate User Registered.  User Index 0, Is Virtual User: 0
[2018.10.23-17.24.46:942][  0]LogD3D11RHI: D3D11 adapters:
[2018.10.23-17.24.47:108][  0]LogD3D11RHI:    0. 'NVIDIA GeForce GTX 1060 6GB' (Feature Level 11_0)
[2018.10.23-17.24.47:108][  0]LogD3D11RHI:       6052/0/8167 MB DedicatedVideo/DedicatedSystem/SharedSystem, Outputs:2, VendorId:0x10de
[2018.10.23-17.24.47:113][  0]LogD3D11RHI:    1. 'Microsoft Basic Render Driver' (Feature Level 11_0)
[2018.10.23-17.24.47:113][  0]LogD3D11RHI:       0/0/8167 MB DedicatedVideo/DedicatedSystem/SharedSystem, Outputs:0, VendorId:0x1414
[2018.10.23-17.24.47:113][  0]LogD3D11RHI: Chosen D3D11 Adapter: 0
[2018.10.23-17.24.47:131][  0]LogD3D11RHI: Creating new Direct3DDevice
[2018.10.23-17.24.47:132][  0]LogD3D11RHI:     GPU DeviceId: 0x1c03 (for the marketing name, search the web for "GPU Device Id")
[2018.10.23-17.24.47:132][  0]LogWindows: EnumDisplayDevices:
[2018.10.23-17.24.47:132][  0]LogWindows:    0. 'NVIDIA GeForce GTX 1060 6GB' (P:0 D:1)
[2018.10.23-17.24.47:133][  0]LogWindows:    1. 'NVIDIA GeForce GTX 1060 6GB' (P:1 D:1)
[2018.10.23-17.24.47:133][  0]LogWindows:    2. 'NVIDIA GeForce GTX 1060 6GB' (P:0 D:0)
[2018.10.23-17.24.47:134][  0]LogWindows:    3. 'NVIDIA GeForce GTX 1060 6GB' (P:0 D:0)
[2018.10.23-17.24.47:134][  0]LogWindows: DebugString: FoundDriverCount:4 
[2018.10.23-17.24.47:134][  0]LogD3D11RHI:     Adapter Name: NVIDIA GeForce GTX 1060 6GB
[2018.10.23-17.24.47:134][  0]LogD3D11RHI:   Driver Version: 391.35 (internal:23.21.13.9135, unified:391.35)
[2018.10.23-17.24.47:134][  0]LogD3D11RHI:      Driver Date: 3-23-2018
[2018.10.23-17.24.47:135][  0]LogRHI: Texture pool is 4236 MB (70% of 6052 MB)
[2018.10.23-17.24.47:204][  0]LogD3D11RHI: Async texture creation enabled
[2018.10.23-17.24.47:265][  0]LogD3D11RHI: GPU Timing Frequency: 1000.000000 (Debug: 2 2)
[2018.10.23-17.24.47:391][  0]LogShaderCompilers: Guid format shader working directory is 7 characters bigger than the processId version (D:/IndependentStudy/IndieStudyFall2018/Intermediate/Shaders/WorkingDirectory/22004/).
[2018.10.23-17.24.47:391][  0]LogShaderCompilers: Cleaned the shader compiler working directory 'C:/Users/saxop/AppData/Local/Temp/UnrealShaderWorkingDir/26DC4E644629E6DA76E9A9839C94B1E1/'.
[2018.10.23-17.24.48:672][  0]LogTemp: Display: Loaded TP AllDesktopTargetPlatform
[2018.10.23-17.24.48:711][  0]LogTemp: Display: Loaded TP MacClientTargetPlatform
[2018.10.23-17.24.48:745][  0]LogTemp: Display: Loaded TP MacNoEditorTargetPlatform
[2018.10.23-17.24.48:786][  0]LogTemp: Display: Loaded TP MacServerTargetPlatform
[2018.10.23-17.24.48:831][  0]LogTemp: Display: Loaded TP MacTargetPlatform
[2018.10.23-17.24.48:869][  0]LogTemp: Display: Loaded TP WindowsClientTargetPlatform
[2018.10.23-17.24.48:900][  0]LogTemp: Display: Loaded TP WindowsNoEditorTargetPlatform
[2018.10.23-17.24.48:930][  0]LogTemp: Display: Loaded TP WindowsServerTargetPlatform
[2018.10.23-17.24.48:953][  0]LogTemp: Display: Loaded TP WindowsTargetPlatform
[2018.10.23-17.24.49:098][  0]LogTemp: Display: Loaded TP AndroidTargetPlatform
[2018.10.23-17.24.49:098][  0]LogTemp: Display: Loaded TP AndroidTargetPlatform
[2018.10.23-17.24.49:098][  0]LogTemp: Display: Loaded TP AndroidTargetPlatform
[2018.10.23-17.24.49:098][  0]LogTemp: Display: Loaded TP AndroidTargetPlatform
[2018.10.23-17.24.49:098][  0]LogTemp: Display: Loaded TP AndroidTargetPlatform
[2018.10.23-17.24.49:098][  0]LogTemp: Display: Loaded TP AndroidTargetPlatform
[2018.10.23-17.24.49:098][  0]LogTemp: Display: Loaded TP AndroidTargetPlatform
[2018.10.23-17.24.49:098][  0]LogTemp: Display: Loaded TP AndroidTargetPlatform
[2018.10.23-17.24.49:098][  0]LogTemp: Display: Loaded TP AndroidTargetPlatform
[2018.10.23-17.24.49:098][  0]LogTemp: Display: Loaded TP AndroidTargetPlatform
[2018.10.23-17.24.49:098][  0]LogTemp: Display: Loaded TP AndroidTargetPlatform
[2018.10.23-17.24.49:098][  0]LogTemp: Display: Loaded TP AndroidTargetPlatform
[2018.10.23-17.24.49:098][  0]LogTemp: Display: Loaded TP AndroidTargetPlatform
[2018.10.23-17.24.49:098][  0]LogTemp: Display: Loaded TP AndroidTargetPlatform
[2018.10.23-17.24.49:098][  0]LogTemp: Display: Loaded TP AndroidTargetPlatform
[2018.10.23-17.24.49:098][  0]LogTemp: Display: Loaded TP AndroidTargetPlatform
[2018.10.23-17.24.49:098][  0]LogTemp: Display: Loaded TP AndroidTargetPlatform
[2018.10.23-17.24.49:098][  0]LogTemp: Display: Loaded TP AndroidTargetPlatform
[2018.10.23-17.24.49:113][  0]LogTemp: Display: Loaded TP HTML5TargetPlatform
[2018.10.23-17.24.49:243][  0]LogTemp: Display: Loaded TP IOSTargetPlatform
[2018.10.23-17.24.49:243][  0]LogTemp: Display: Loaded TP IOSTargetPlatform
[2018.10.23-17.24.49:292][  0]LogTemp: Display: Loaded TP TVOSTargetPlatform
[2018.10.23-17.24.49:292][  0]LogTemp: Display: Loaded TP TVOSTargetPlatform
[2018.10.23-17.24.49:325][  0]LogTemp: Display: Loaded TP LinuxClientTargetPlatform
[2018.10.23-17.24.49:360][  0]LogTemp: Display: Loaded TP LinuxNoEditorTargetPlatform
[2018.10.23-17.24.49:390][  0]LogTemp: Display: Loaded TP LinuxServerTargetPlatform
[2018.10.23-17.24.49:433][  0]LogTemp: Display: Loaded TP LinuxTargetPlatform
[2018.10.23-17.24.49:458][  0]LogTemp: Display: Loaded TP LuminTargetPlatform
[2018.10.23-17.24.49:458][  0]LogTargetPlatformManager: Display: Building Assets For Windows
[2018.10.23-17.24.49:967][  0]LogXGEController: Cleaning working directory: C:/Users/saxop/AppData/Local/Temp/UnrealXGEWorkingDir/
[2018.10.23-17.24.49:967][  0]LogXGEController: Cannot use XGE Controller as Incredibuild is not installed on this machine.
[2018.10.23-17.24.49:967][  0]LogShaderCompilers: Cannot use XGE Shader Compiler as Incredibuild is not installed on this machine.
[2018.10.23-17.24.49:967][  0]LogShaderCompilers: Display: Using Local Shader Compiler.
[2018.10.23-17.24.53:645][  0]LogDerivedDataCache: Display: Max Cache Size: 512 MB
[2018.10.23-17.24.54:028][  0]LogDerivedDataCache: Loaded boot cache 0.38s 77MB C:/Users/saxop/AppData/Local/UnrealEngine/4.20/DerivedDataCache/Boot.ddc.
[2018.10.23-17.24.54:030][  0]LogDerivedDataCache: Display: Loaded Boot cache: C:/Users/saxop/AppData/Local/UnrealEngine/4.20/DerivedDataCache/Boot.ddc
[2018.10.23-17.24.54:030][  0]LogDerivedDataCache: FDerivedDataBackendGraph:  Pak pak cache file D:/IndependentStudy/IndieStudyFall2018/DerivedDataCache/DDC.ddp not found, will not use a pak cache.
[2018.10.23-17.24.54:030][  0]LogDerivedDataCache: Unable to find inner node Pak for hierarchical cache Hierarchy.
[2018.10.23-17.24.54:030][  0]LogDerivedDataCache: FDerivedDataBackendGraph:  CompressedPak pak cache file D:/IndependentStudy/IndieStudyFall2018/DerivedDataCache/Compressed.ddp not found, will not use a pak cache.
[2018.10.23-17.24.54:030][  0]LogDerivedDataCache: Unable to find inner node CompressedPak for hierarchical cache Hierarchy.
[2018.10.23-17.24.54:063][  0]LogDerivedDataCache: Display: Pak cache opened for reading ../../../Engine/DerivedDataCache/Compressed.ddp.
[2018.10.23-17.24.54:076][  0]LogDerivedDataCache: Using Local data cache path C:/Users/saxop/AppData/Local/UnrealEngine/Common/DerivedDataCache: Writable
[2018.10.23-17.24.54:076][  0]LogDerivedDataCache: Shared data cache path not found in *engine.ini, will not use an Shared cache.
[2018.10.23-17.24.54:076][  0]LogDerivedDataCache: Unable to find inner node Shared for hierarchical cache Hierarchy.
[2018.10.23-17.24.54:116][  0]LogMaterial: Verifying Global Shaders for PCD3D_SM5
[2018.10.23-17.24.54:123][  0]LogSlate: Using FreeType 2.6.0
[2018.10.23-17.24.54:151][  0]LogSlate: SlateFontServices - WITH_FREETYPE: 1, WITH_HARFBUZZ: 1
[2018.10.23-17.24.54:518][  0]LogAssetRegistry: FAssetRegistry took 0.0310 seconds to start up
[2018.10.23-17.24.55:229][  0]LogInit: Selected Device Profile: [Windows]
[2018.10.23-17.24.55:793][  0]LogSimplygon: Simplygon DLL not present - disabling.
[2018.10.23-17.24.55:836][  0]LogMeshReduction: Using SimplygonSwarm for distributed automatic mesh merging
[2018.10.23-17.24.55:836][  0]LogMeshReduction: Using ProxyLODMeshReduction for automatic mesh merging
[2018.10.23-17.24.55:837][  0]LogMeshReduction: Using QuadricMeshReduction for automatic static mesh reduction
[2018.10.23-17.24.55:837][  0]LogMeshReduction: No automatic skeletal mesh reduction module available
[2018.10.23-17.24.55:991][  0]LogNetVersion: Project 1.0.0, NetCL: 4212847, EngineNetVer: 5, GameNetVer: 0 (Checksum: 1790082038)
[2018.10.23-17.24.58:669][  0]LogPackageLocalizationCache: Processed 11 localized package path(s) for 2 prioritized culture(s) in 0.239599 seconds
[2018.10.23-17.24.58:684][  0]LogUObjectArray: 38425 objects as part of root set at end of initial load.
[2018.10.23-17.24.58:684][  0]LogUObjectAllocator: 6690864 out of 0 bytes used by permanent object pool.
[2018.10.23-17.24.58:684][  0]LogUObjectArray: CloseDisregardForGC: 0/0 objects in disregard for GC pool
[2018.10.23-17.25.03:458][  0]LogTcpMessaging: Initializing TcpMessaging bridge
[2018.10.23-17.25.03:511][  0]LogUdpMessaging: Initializing bridge on interface 0.0.0.0:0 to multicast group 230.0.0.1:6666.
[2018.10.23-17.25.04:063][  0]SourceControl: Source control is disabled
[2018.10.23-17.25.04:063][  0]SourceControl: Source control is disabled
[2018.10.23-17.25.04:094][  0]SourceControl: Source control is disabled
[2018.10.23-17.25.04:123][  0]SourceControl: Source control is disabled
[2018.10.23-17.25.05:278][  0]LogAndroidPermission: UAndroidPermissionCallbackProxy::GetInstance
[2018.10.23-17.25.05:573][  0]LogOcInput: OculusInput pre-init called
[2018.10.23-17.25.05:786][  0]LogEngine: Initializing Engine...
[2018.10.23-17.25.05:875][  0]LogHMD: SteamVR initialized.  Driver: lighthouse  Display: LHR-924F1DE3
[2018.10.23-17.25.05:879][  0]LogStats: UGameplayTagsManager::ConstructGameplayTagTree: ImportINI prefixes -  0.000 s
[2018.10.23-17.25.05:879][  0]LogStats: UGameplayTagsManager::ConstructGameplayTagTree: Construct from data asset -  0.000 s
[2018.10.23-17.25.05:879][  0]LogStats: UGameplayTagsManager::ConstructGameplayTagTree: ImportINI -  0.000 s
[2018.10.23-17.25.05:879][  0]LogStats: UGameplayTagsManager::ConstructGameplayTagTree: GameplayTagTreeChangedEvent.Broadcast -  0.000 s
[2018.10.23-17.25.06:122][  0]LogInit: Initializing FReadOnlyCVARCache
[2018.10.23-17.25.06:217][  0]LogAIModule: Creating AISystem for world Untitled
[2018.10.23-17.25.06:306][  0]LogInit: XAudio2 using 'Headset Earphone (2- Corsair VOID RGB Wireless Gaming Headset)' : 6 channels at 48 kHz using 16 bits per sample (channel mask 0x3f)
[2018.10.23-17.25.06:471][  0]LogInit: FAudioDevice initialized.
[2018.10.23-17.25.06:472][  0]LogNetVersion: Set ProjectVersion to 1.0.0.0. Version Checksum will be recalculated on next use.
[2018.10.23-17.25.06:576][  0]LogDerivedDataCache: Saved boot cache 0.10s 77MB C:/Users/saxop/AppData/Local/UnrealEngine/4.20/DerivedDataCache/Boot.ddc.
[2018.10.23-17.25.06:595][  0]LogInit: Texture streaming: Enabled
[2018.10.23-17.25.06:684][  0]LogEngineSessionManager: EngineSessionManager initialized
[2018.10.23-17.25.06:742][  0]LogInit: Transaction tracking system initialized
[2018.10.23-17.25.06:889][  0]BlueprintLog: New page: Editor Load
[2018.10.23-17.25.07:408][  0]LocalizationService: Localization service is disabled
[2018.10.23-17.25.08:058][  0]LogCook: Display: Max memory allowance for cook 16384mb min free memory 0mb
[2018.10.23-17.25.08:058][  0]LogCook: Display: Mobile HDR setting 1
[2018.10.23-17.25.08:059][  0]LogGameplayTags: Display: UGameplayTagsManager::DoneAddingNativeTags. DelegateIsBound: 0
[2018.10.23-17.25.08:059][  0]LogStats: UGameplayTagsManager::ConstructGameplayTagTree: ImportINI prefixes -  0.000 s
[2018.10.23-17.25.08:059][  0]LogStats: UGameplayTagsManager::ConstructGameplayTagTree: Construct from data asset -  0.000 s
[2018.10.23-17.25.08:059][  0]LogStats: UGameplayTagsManager::ConstructGameplayTagTree: ImportINI -  0.000 s
[2018.10.23-17.25.08:059][  0]LogStats: UGameplayTagsManager::ConstructGameplayTagTree: GameplayTagTreeChangedEvent.Broadcast -  0.000 s
[2018.10.23-17.25.08:738][  0]LogFileCache: Scanning file cache for directory 'D:/IndependentStudy/IndieStudyFall2018/Content/' took 0.02s
[2018.10.23-17.25.08:738][  0]SourceControl: Source control is disabled
[2018.10.23-17.25.08:748][  0]LogFactory: FactoryCreateFile: PackFactory with PackFactory (0 0 C:/Program Files/Epic Games/UE_4.20/FeaturePacks/StarterContent.upack)
[2018.10.23-17.25.08:761][  0]LogPackFactory: Finished extracting 8 files (including 0 errors).
[2018.10.23-17.25.08:772][  0]LogPackFactory: Copied "../../../Samples/StarterContent/Content/StarterContent/Architecture/Floor_400x400.uasset" to "D:/IndependentStudy/IndieStudyFall2018/Content/StarterContent/Architecture/Floor_400x400.uasset"
[2018.10.23-17.25.08:783][  0]LogPackFactory: Copied "../../../Samples/StarterContent/Content/StarterContent/Architecture/Pillar_50x500.uasset" to "D:/IndependentStudy/IndieStudyFall2018/Content/StarterContent/Architecture/Pillar_50x500.uasset"
[2018.10.23-17.25.08:797][  0]LogPackFactory: Copied "../../../Samples/StarterContent/Content/StarterContent/Architecture/SM_AssetPlatform.uasset" to "D:/IndependentStudy/IndieStudyFall2018/Content/StarterContent/Architecture/SM_AssetPlatform.uasset"
[2018.10.23-17.25.08:809][  0]LogPackFactory: Copied "../../../Samples/StarterContent/Content/StarterContent/Architecture/Wall_400x200.uasset" to "D:/IndependentStudy/IndieStudyFall2018/Content/StarterContent/Architecture/Wall_400x200.uasset"
[2018.10.23-17.25.08:821][  0]LogPackFactory: Copied "../../../Samples/StarterContent/Content/StarterContent/Architecture/Wall_400x300.uasset" to "D:/IndependentStudy/IndieStudyFall2018/Content/StarterContent/Architecture/Wall_400x300.uasset"
[2018.10.23-17.25.08:834][  0]LogPackFactory: Copied "../../../Samples/StarterContent/Content/StarterContent/Architecture/Wall_400x400.uasset" to "D:/IndependentStudy/IndieStudyFall2018/Content/StarterContent/Architecture/Wall_400x400.uasset"
[2018.10.23-17.25.08:846][  0]LogPackFactory: Copied "../../../Samples/StarterContent/Content/StarterContent/Architecture/Wall_500x500.uasset" to "D:/IndependentStudy/IndieStudyFall2018/Content/StarterContent/Architecture/Wall_500x500.uasset"
[2018.10.23-17.25.08:858][  0]LogPackFactory: Copied "../../../Samples/StarterContent/Content/StarterContent/Architecture/Wall_Door_400x300.uasset" to "D:/IndependentStudy/IndieStudyFall2018/Content/StarterContent/Architecture/Wall_Door_400x300.uasset"
[2018.10.23-17.25.08:871][  0]LogPackFactory: Copied "../../../Samples/StarterContent/Content/StarterContent/Architecture/Wall_Door_400x400.uasset" to "D:/IndependentStudy/IndieStudyFall2018/Content/StarterContent/Architecture/Wall_Door_400x400.uasset"
[2018.10.23-17.25.08:882][  0]LogPackFactory: Copied "../../../Samples/StarterContent/Content/StarterContent/Architecture/Wall_Window_400x300.uasset" to "D:/IndependentStudy/IndieStudyFall2018/Content/StarterContent/Architecture/Wall_Window_400x300.uasset"
[2018.10.23-17.25.08:895][  0]LogPackFactory: Copied "../../../Samples/StarterContent/Content/StarterContent/Architecture/Wall_Window_400x400.uasset" to "D:/IndependentStudy/IndieStudyFall2018/Content/StarterContent/Architecture/Wall_Window_400x400.uasset"
[2018.10.23-17.25.08:907][  0]LogPackFactory: Copied "../../../Samples/StarterContent/Content/StarterContent/Audio/Collapse01.uasset" to "D:/IndependentStudy/IndieStudyFall2018/Content/StarterContent/Audio/Collapse01.uasset"
[2018.10.23-17.25.08:922][  0]LogPackFactory: Copied "../../../Samples/StarterContent/Content/StarterContent/Audio/Collapse02.uasset" to "D:/IndependentStudy/IndieStudyFall2018/Content/StarterContent/Audio/Collapse02.uasset"
[2018.10.23-17.25.08:931][  0]LogPackFactory: Copied "../../../Samples/StarterContent/Content/StarterContent/Audio/Collapse_Cue.uasset" to "D:/IndependentStudy/IndieStudyFall2018/Content/StarterContent/Audio/Collapse_Cue.uasset"
[2018.10.23-17.25.08:944][  0]LogPackFactory: Copied "../../../Samples/StarterContent/Content/StarterContent/Audio/Explosion01.uasset" to "D:/IndependentStudy/IndieStudyFall2018/Content/StarterContent/Audio/Explosion01.uasset"
[2018.10.23-17.25.08:956][  0]LogPackFactory: Copied "../../../Samples/StarterContent/Content/StarterContent/Audio/Explosion02.uasset" to "D:/IndependentStudy/IndieStudyFall2018/Content/StarterContent/Audio/Explosion02.uasset"
[2018.10.23-17.25.08:960][  0]LogPackFactory: Copied "../../../Samples/StarterContent/Content/StarterContent/Audio/Explosion_Cue.uasset" to "D:/IndependentStudy/IndieStudyFall2018/Content/StarterContent/Audio/Explosion_Cue.uasset"
[2018.10.23-17.25.08:974][  0]LogPackFactory: Copied "../../../Samples/StarterContent/Content/StarterContent/Audio/Fire01.uasset" to "D:/IndependentStudy/IndieStudyFall2018/Content/StarterContent/Audio/Fire01.uasset"
[2018.10.23-17.25.08:983][  0]LogPackFactory: Copied "../../../Samples/StarterContent/Content/StarterContent/Audio/Fire01_Cue.uasset" to "D:/IndependentStudy/IndieStudyFall2018/Content/StarterContent/Audio/Fire01_Cue.uasset"
[2018.10.23-17.25.08:998][  0]LogPackFactory: Copied "../../../Samples/StarterContent/Content/StarterContent/Audio/Fire_Sparks01.uasset" to "D:/IndependentStudy/IndieStudyFall2018/Content/StarterContent/Audio/Fire_Sparks01.uasset"
[2018.10.23-17.25.09:007][  0]LogPackFactory: Copied "../../../Samples/StarterContent/Content/StarterContent/Audio/Fire_Sparks01_Cue.uasset" to "D:/IndependentStudy/IndieStudyFall2018/Content/StarterContent/Audio/Fire_Sparks01_Cue.uasset"
[2018.10.23-17.25.09:020][  0]LogPackFactory: Copied "../../../Samples/StarterContent/Content/StarterContent/Audio/Light01.uasset" to "D:/IndependentStudy/IndieStudyFall2018/Content/StarterContent/Audio/Light01.uasset"
[2018.10.23-17.25.09:025][  0]LogPackFactory: Copied "../../../Samples/StarterContent/Content/StarterContent/Audio/Light01_Cue.uasset" to "D:/IndependentStudy/IndieStudyFall2018/Content/StarterContent/Audio/Light01_Cue.uasset"
[2018.10.23-17.25.09:039][  0]LogPackFactory: Copied "../../../Samples/StarterContent/Content/StarterContent/Audio/Light02.uasset" to "D:/IndependentStudy/IndieStudyFall2018/Content/StarterContent/Audio/Light02.uasset"
[2018.10.23-17.25.09:046][  0]LogPackFactory: Copied "../../../Samples/StarterContent/Content/StarterContent/Audio/Light02_Cue.uasset" to "D:/IndependentStudy/IndieStudyFall2018/Content/StarterContent/Audio/Light02_Cue.uasset"
[2018.10.23-17.25.09:061][  0]LogPackFactory: Copied "../../../Samples/StarterContent/Content/StarterContent/Audio/Smoke01.uasset" to "D:/IndependentStudy/IndieStudyFall2018/Content/StarterContent/Audio/Smoke01.uasset"
[2018.10.23-17.25.09:068][  0]LogPackFactory: Copied "../../../Samples/StarterContent/Content/StarterContent/Audio/Smoke01_Cue.uasset" to "D:/IndependentStudy/IndieStudyFall2018/Content/StarterContent/Audio/Smoke01_Cue.uasset"
[2018.10.23-17.25.09:080][  0]LogPackFactory: Copied "../../../Samples/StarterContent/Content/StarterContent/Audio/Starter_Background_Cue.uasset" to "D:/IndependentStudy/IndieStudyFall2018/Content/StarterContent/Audio/Starter_Background_Cue.uasset"
[2018.10.23-17.25.09:100][  0]LogPackFactory: Copied "../../../Samples/StarterContent/Content/StarterContent/Audio/Starter_Birds01.uasset" to "D:/IndependentStudy/IndieStudyFall2018/Content/StarterContent/Audio/Starter_Birds01.uasset"
[2018.10.23-17.25.09:134][  0]LogPackFactory: Copied "../../../Samples/StarterContent/Content/StarterContent/Audio/Starter_Music01.uasset" to "D:/IndependentStudy/IndieStudyFall2018/Content/StarterContent/Audio/Starter_Music01.uasset"
[2018.10.23-17.25.09:143][  0]LogPackFactory: Copied "../../../Samples/StarterContent/Content/StarterContent/Audio/Starter_Music_Cue.uasset" to "D:/IndependentStudy/IndieStudyFall2018/Content/StarterContent/Audio/Starter_Music_Cue.uasset"
[2018.10.23-17.25.09:161][  0]LogPackFactory: Copied "../../../Samples/StarterContent/Content/StarterContent/Audio/Starter_Wind05.uasset" to "D:/IndependentStudy/IndieStudyFall2018/Content/StarterContent/Audio/Starter_Wind05.uasset"
[2018.10.23-17.25.09:188][  0]LogPackFactory: Copied "../../../Samples/StarterContent/Content/StarterContent/Audio/Starter_Wind06.uasset" to "D:/IndependentStudy/IndieStudyFall2018/Content/StarterContent/Audio/Starter_Wind06.uasset"
[2018.10.23-17.25.09:210][  0]LogPackFactory: Copied "../../../Samples/StarterContent/Content/StarterContent/Audio/Steam01.uasset" to "D:/IndependentStudy/IndieStudyFall2018/Content/StarterContent/Audio/Steam01.uasset"
[2018.10.23-17.25.09:225][  0]LogPackFactory: Copied "../../../Samples/StarterContent/Content/StarterContent/Audio/Steam01_Cue.uasset" to "D:/IndependentStudy/IndieStudyFall2018/Content/StarterContent/Audio/Steam01_Cue.uasset"
[2018.10.23-17.25.09:240][  0]LogPackFactory: Copied "../../../Samples/StarterContent/Content/StarterContent/Blueprints/Blueprint_CeilingLight.uasset" to "D:/IndependentStudy/IndieStudyFall2018/Content/StarterContent/Blueprints/Blueprint_CeilingLight.uasset"
[2018.10.23-17.25.09:255][  0]LogPackFactory: Copied "../../../Samples/StarterContent/Content/StarterContent/Blueprints/Blueprint_Effect_Explosion.uasset" to "D:/IndependentStudy/IndieStudyFall2018/Content/StarterContent/Blueprints/Blueprint_Effect_Explosion.uasset"
[2018.10.23-17.25.09:267][  0]LogPackFactory: Copied "../../../Samples/StarterContent/Content/StarterContent/Blueprints/Blueprint_Effect_Fire.uasset" to "D:/IndependentStudy/IndieStudyFall2018/Content/StarterContent/Blueprints/Blueprint_Effect_Fire.uasset"
[2018.10.23-17.25.09:280][  0]LogPackFactory: Copied "../../../Samples/StarterContent/Content/StarterContent/Blueprints/Blueprint_Effect_Smoke.uasset" to "D:/IndependentStudy/IndieStudyFall2018/Content/StarterContent/Blueprints/Blueprint_Effect_Smoke.uasset"
[2018.10.23-17.25.09:292][  0]LogPackFactory: Copied "../../../Samples/StarterContent/Content/StarterContent/Blueprints/Blueprint_Effect_Sparks.uasset" to "D:/IndependentStudy/IndieStudyFall2018/Content/StarterContent/Blueprints/Blueprint_Effect_Sparks.uasset"
[2018.10.23-17.25.09:305][  0]LogPackFactory: Copied "../../../Samples/StarterContent/Content/StarterContent/Blueprints/Blueprint_Effect_Steam.uasset" to "D:/IndependentStudy/IndieStudyFall2018/Content/StarterContent/Blueprints/Blueprint_Effect_Steam.uasset"
[2018.10.23-17.25.09:320][  0]LogPackFactory: Copied "../../../Samples/StarterContent/Content/StarterContent/Blueprints/Blueprint_WallSconce.uasset" to "D:/IndependentStudy/IndieStudyFall2018/Content/StarterContent/Blueprints/Blueprint_WallSconce.uasset"
[2018.10.23-17.25.09:332][  0]LogPackFactory: Copied "../../../Samples/StarterContent/Content/StarterContent/Blueprints/BP_LightStudio.uasset" to "D:/IndependentStudy/IndieStudyFall2018/Content/StarterContent/Blueprints/BP_LightStudio.uasset"
[2018.10.23-17.25.09:339][  0]LogPackFactory: Copied "../../../Samples/StarterContent/Content/StarterContent/Blueprints/Assets/FogBrightnessLUT.uasset" to "D:/IndependentStudy/IndieStudyFall2018/Content/StarterContent/Blueprints/Assets/FogBrightnessLUT.uasset"
[2018.10.23-17.25.09:354][  0]LogPackFactory: Copied "../../../Samples/StarterContent/Content/StarterContent/Blueprints/Assets/M_LightStage_Arrows.uasset" to "D:/IndependentStudy/IndieStudyFall2018/Content/StarterContent/Blueprints/Assets/M_LightStage_Arrows.uasset"
[2018.10.23-17.25.09:366][  0]LogPackFactory: Copied "../../../Samples/StarterContent/Content/StarterContent/Blueprints/Assets/M_LightStage_Skybox_Black.uasset" to "D:/IndependentStudy/IndieStudyFall2018/Content/StarterContent/Blueprints/Assets/M_LightStage_Skybox_Black.uasset"
[2018.10.23-17.25.09:378][  0]LogPackFactory: Copied "../../../Samples/StarterContent/Content/StarterContent/Blueprints/Assets/M_LightStage_Skybox_HDRI.uasset" to "D:/IndependentStudy/IndieStudyFall2018/Content/StarterContent/Blueprints/Assets/M_LightStage_Skybox_HDRI.uasset"
[2018.10.23-17.25.09:390][  0]LogPackFactory: Copied "../../../Samples/StarterContent/Content/StarterContent/Blueprints/Assets/M_LightStage_Skybox_Master.uasset" to "D:/IndependentStudy/IndieStudyFall2018/Content/StarterContent/Blueprints/Assets/M_LightStage_Skybox_Master.uasset"
[2018.10.23-17.25.09:405][  0]LogPackFactory: Copied "../../../Samples/StarterContent/Content/StarterContent/Blueprints/Assets/Skybox.uasset" to "D:/IndependentStudy/IndieStudyFall2018/Content/StarterContent/Blueprints/Assets/Skybox.uasset"
[2018.10.23-17.25.09:432][  0]LogPackFactory: Copied "../../../Samples/StarterContent/Content/StarterContent/Blueprints/Assets/SM_Arrows.uasset" to "D:/IndependentStudy/IndieStudyFall2018/Content/StarterContent/Blueprints/Assets/SM_Arrows.uasset"
[2018.10.23-17.25.09:464][  0]LogPackFactory: Copied "../../../Samples/StarterContent/Content/StarterContent/Blueprints/Assets/SunlightColorLUT.uasset" to "D:/IndependentStudy/IndieStudyFall2018/Content/StarterContent/Blueprints/Assets/SunlightColorLUT.uasset"
[2018.10.23-17.25.09:814][  0]LogPackFactory: Copied "../../../Samples/StarterContent/Content/StarterContent/HDRI/HDRI_Epic_Courtyard_Daylight.uasset" to "D:/IndependentStudy/IndieStudyFall2018/Content/StarterContent/HDRI/HDRI_Epic_Courtyard_Daylight.uasset"
[2018.10.23-17.25.09:825][  0]LogPackFactory: Copied "../../../Samples/StarterContent/Content/StarterContent/Maps/Advanced_Lighting.umap" to "D:/IndependentStudy/IndieStudyFall2018/Content/StarterContent/Maps/Advanced_Lighting.umap"
[2018.10.23-17.25.09:841][  0]LogPackFactory: Copied "../../../Samples/StarterContent/Content/StarterContent/Maps/Advanced_Lighting_BuiltData.uasset" to "D:/IndependentStudy/IndieStudyFall2018/Content/StarterContent/Maps/Advanced_Lighting_BuiltData.uasset"
[2018.10.23-17.25.09:854][  0]LogPackFactory: Copied "../../../Samples/StarterContent/Content/StarterContent/Maps/Minimal_Default.umap" to "D:/IndependentStudy/IndieStudyFall2018/Content/StarterContent/Maps/Minimal_Default.umap"
[2018.10.23-17.25.09:876][  0]LogPackFactory: Copied "../../../Samples/StarterContent/Content/StarterContent/Maps/Minimal_Default_BuiltData.uasset" to "D:/IndependentStudy/IndieStudyFall2018/Content/StarterContent/Maps/Minimal_Default_BuiltData.uasset"
[2018.10.23-17.25.09:890][  0]LogPackFactory: Copied "../../../Samples/StarterContent/Content/StarterContent/Maps/StarterMap.umap" to "D:/IndependentStudy/IndieStudyFall2018/Content/StarterContent/Maps/StarterMap.umap"
[2018.10.23-17.25.09:994][  0]LogPackFactory: Copied "../../../Samples/StarterContent/Content/StarterContent/Maps/StarterMap_BuiltData.uasset" to "D:/IndependentStudy/IndieStudyFall2018/Content/StarterContent/Maps/StarterMap_BuiltData.uasset"
[2018.10.23-17.25.10:008][  0]LogPackFactory: Copied "../../../Samples/StarterContent/Content/StarterContent/Materials/M_AssetPlatform.uasset" to "D:/IndependentStudy/IndieStudyFall2018/Content/StarterContent/Materials/M_AssetPlatform.uasset"
[2018.10.23-17.25.10:024][  0]LogPackFactory: Copied "../../../Samples/StarterContent/Content/StarterContent/Materials/M_Basic_Floor.uasset" to "D:/IndependentStudy/IndieStudyFall2018/Content/StarterContent/Materials/M_Basic_Floor.uasset"
[2018.10.23-17.25.10:037][  0]LogPackFactory: Copied "../../../Samples/StarterContent/Content/StarterContent/Materials/M_Basic_Wall.uasset" to "D:/IndependentStudy/IndieStudyFall2018/Content/StarterContent/Materials/M_Basic_Wall.uasset"
[2018.10.23-17.25.10:048][  0]LogPackFactory: Copied "../../../Samples/StarterContent/Content/StarterContent/Materials/M_Brick_Clay_Beveled.uasset" to "D:/IndependentStudy/IndieStudyFall2018/Content/StarterContent/Materials/M_Brick_Clay_Beveled.uasset"
[2018.10.23-17.25.10:060][  0]LogPackFactory: Copied "../../../Samples/StarterContent/Content/StarterContent/Materials/M_Brick_Clay_New.uasset" to "D:/IndependentStudy/IndieStudyFall2018/Content/StarterContent/Materials/M_Brick_Clay_New.uasset"
[2018.10.23-17.25.10:071][  0]LogPackFactory: Copied "../../../Samples/StarterContent/Content/StarterContent/Materials/M_Brick_Clay_Old.uasset" to "D:/IndependentStudy/IndieStudyFall2018/Content/StarterContent/Materials/M_Brick_Clay_Old.uasset"
[2018.10.23-17.25.10:084][  0]LogPackFactory: Copied "../../../Samples/StarterContent/Content/StarterContent/Materials/M_Brick_Cut_Stone.uasset" to "D:/IndependentStudy/IndieStudyFall2018/Content/StarterContent/Materials/M_Brick_Cut_Stone.uasset"
[2018.10.23-17.25.10:096][  0]LogPackFactory: Copied "../../../Samples/StarterContent/Content/StarterContent/Materials/M_Brick_Hewn_Stone.uasset" to "D:/IndependentStudy/IndieStudyFall2018/Content/StarterContent/Materials/M_Brick_Hewn_Stone.uasset"
[2018.10.23-17.25.10:108][  0]LogPackFactory: Copied "../../../Samples/StarterContent/Content/StarterContent/Materials/M_Ceramic_Tile_Checker.uasset" to "D:/IndependentStudy/IndieStudyFall2018/Content/StarterContent/Materials/M_Ceramic_Tile_Checker.uasset"
[2018.10.23-17.25.10:119][  0]LogPackFactory: Copied "../../../Samples/StarterContent/Content/StarterContent/Materials/M_CobbleStone_Pebble.uasset" to "D:/IndependentStudy/IndieStudyFall2018/Content/StarterContent/Materials/M_CobbleStone_Pebble.uasset"
[2018.10.23-17.25.10:133][  0]LogPackFactory: Copied "../../../Samples/StarterContent/Content/StarterContent/Materials/M_CobbleStone_Rough.uasset" to "D:/IndependentStudy/IndieStudyFall2018/Content/StarterContent/Materials/M_CobbleStone_Rough.uasset"
[2018.10.23-17.25.10:145][  0]LogPackFactory: Copied "../../../Samples/StarterContent/Content/StarterContent/Materials/M_CobbleStone_Smooth.uasset" to "D:/IndependentStudy/IndieStudyFall2018/Content/StarterContent/Materials/M_CobbleStone_Smooth.uasset"
[2018.10.23-17.25.10:157][  0]LogPackFactory: Copied "../../../Samples/StarterContent/Content/StarterContent/Materials/M_ColorGrid_LowSpec.uasset" to "D:/IndependentStudy/IndieStudyFall2018/Content/StarterContent/Materials/M_ColorGrid_LowSpec.uasset"
[2018.10.23-17.25.10:168][  0]LogPackFactory: Copied "../../../Samples/StarterContent/Content/StarterContent/Materials/M_Concrete_Grime.uasset" to "D:/IndependentStudy/IndieStudyFall2018/Content/StarterContent/Materials/M_Concrete_Grime.uasset"
[2018.10.23-17.25.10:179][  0]LogPackFactory: Copied "../../../Samples/StarterContent/Content/StarterContent/Materials/M_Concrete_Panels.uasset" to "D:/IndependentStudy/IndieStudyFall2018/Content/StarterContent/Materials/M_Concrete_Panels.uasset"
[2018.10.23-17.25.10:190][  0]LogPackFactory: Copied "../../../Samples/StarterContent/Content/StarterContent/Materials/M_Concrete_Poured.uasset" to "D:/IndependentStudy/IndieStudyFall2018/Content/StarterContent/Materials/M_Concrete_Poured.uasset"
[2018.10.23-17.25.10:203][  0]LogPackFactory: Copied "../../../Samples/StarterContent/Content/StarterContent/Materials/M_Concrete_Tiles.uasset" to "D:/IndependentStudy/IndieStudyFall2018/Content/StarterContent/Materials/M_Concrete_Tiles.uasset"
[2018.10.23-17.25.10:214][  0]LogPackFactory: Copied "../../../Samples/StarterContent/Content/StarterContent/Materials/M_Glass.uasset" to "D:/IndependentStudy/IndieStudyFall2018/Content/StarterContent/Materials/M_Glass.uasset"
[2018.10.23-17.25.10:227][  0]LogPackFactory: Copied "../../../Samples/StarterContent/Content/StarterContent/Materials/M_Ground_Grass.uasset" to "D:/IndependentStudy/IndieStudyFall2018/Content/StarterContent/Materials/M_Ground_Grass.uasset"
[2018.10.23-17.25.10:238][  0]LogPackFactory: Copied "../../../Samples/StarterContent/Content/StarterContent/Materials/M_Ground_Gravel.uasset" to "D:/IndependentStudy/IndieStudyFall2018/Content/StarterContent/Materials/M_Ground_Gravel.uasset"
[2018.10.23-17.25.10:249][  0]LogPackFactory: Copied "../../../Samples/StarterContent/Content/StarterContent/Materials/M_Ground_Moss.uasset" to "D:/IndependentStudy/IndieStudyFall2018/Content/StarterContent/Materials/M_Ground_Moss.uasset"
[2018.10.23-17.25.10:261][  0]LogPackFactory: Copied "../../../Samples/StarterContent/Content/StarterContent/Materials/M_Metal_Brushed_Nickel.uasset" to "D:/IndependentStudy/IndieStudyFall2018/Content/StarterContent/Materials/M_Metal_Brushed_Nickel.uasset"
[2018.10.23-17.25.10:273][  0]LogPackFactory: Copied "../../../Samples/StarterContent/Content/StarterContent/Materials/M_Metal_Burnished_Steel.uasset" to "D:/IndependentStudy/IndieStudyFall2018/Content/StarterContent/Materials/M_Metal_Burnished_Steel.uasset"
[2018.10.23-17.25.10:286][  0]LogPackFactory: Copied "../../../Samples/StarterContent/Content/StarterContent/Materials/M_Metal_Chrome.uasset" to "D:/IndependentStudy/IndieStudyFall2018/Content/StarterContent/Materials/M_Metal_Chrome.uasset"
[2018.10.23-17.25.10:298][  0]LogPackFactory: Copied "../../../Samples/StarterContent/Content/StarterContent/Materials/M_Metal_Copper.uasset" to "D:/IndependentStudy/IndieStudyFall2018/Content/StarterContent/Materials/M_Metal_Copper.uasset"
[2018.10.23-17.25.10:309][  0]LogPackFactory: Copied "../../../Samples/StarterContent/Content/StarterContent/Materials/M_Metal_Gold.uasset" to "D:/IndependentStudy/IndieStudyFall2018/Content/StarterContent/Materials/M_Metal_Gold.uasset"
[2018.10.23-17.25.10:327][  0]LogPackFactory: Copied "../../../Samples/StarterContent/Content/StarterContent/Materials/M_Metal_Rust.uasset" to "D:/IndependentStudy/IndieStudyFall2018/Content/StarterContent/Materials/M_Metal_Rust.uasset"
[2018.10.23-17.25.10:340][  0]LogPackFactory: Copied "../../../Samples/StarterContent/Content/StarterContent/Materials/M_Metal_Steel.uasset" to "D:/IndependentStudy/IndieStudyFall2018/Content/StarterContent/Materials/M_Metal_Steel.uasset"
[2018.10.23-17.25.10:351][  0]LogPackFactory: Copied "../../../Samples/StarterContent/Content/StarterContent/Materials/M_Rock_Basalt.uasset" to "D:/IndependentStudy/IndieStudyFall2018/Content/StarterContent/Materials/M_Rock_Basalt.uasset"
[2018.10.23-17.25.10:364][  0]LogPackFactory: Copied "../../../Samples/StarterContent/Content/StarterContent/Materials/M_Rock_Marble_Polished.uasset" to "D:/IndependentStudy/IndieStudyFall2018/Content/StarterContent/Materials/M_Rock_Marble_Polished.uasset"
[2018.10.23-17.25.10:376][  0]LogPackFactory: Copied "../../../Samples/StarterContent/Content/StarterContent/Materials/M_Rock_Sandstone.uasset" to "D:/IndependentStudy/IndieStudyFall2018/Content/StarterContent/Materials/M_Rock_Sandstone.uasset"
[2018.10.23-17.25.10:393][  0]LogPackFactory: Copied "../../../Samples/StarterContent/Content/StarterContent/Materials/M_Rock_Slate.uasset" to "D:/IndependentStudy/IndieStudyFall2018/Content/StarterContent/Materials/M_Rock_Slate.uasset"
[2018.10.23-17.25.10:409][  0]LogPackFactory: Copied "../../../Samples/StarterContent/Content/StarterContent/Materials/M_Tech_Checker_Dot.uasset" to "D:/IndependentStudy/IndieStudyFall2018/Content/StarterContent/Materials/M_Tech_Checker_Dot.uasset"
[2018.10.23-17.25.10:421][  0]LogPackFactory: Copied "../../../Samples/StarterContent/Content/StarterContent/Materials/M_Tech_Hex_Tile.uasset" to "D:/IndependentStudy/IndieStudyFall2018/Content/StarterContent/Materials/M_Tech_Hex_Tile.uasset"
[2018.10.23-17.25.10:431][  0]LogPackFactory: Copied "../../../Samples/StarterContent/Content/StarterContent/Materials/M_Tech_Hex_Tile_Pulse.uasset" to "D:/IndependentStudy/IndieStudyFall2018/Content/StarterContent/Materials/M_Tech_Hex_Tile_Pulse.uasset"
[2018.10.23-17.25.10:443][  0]LogPackFactory: Copied "../../../Samples/StarterContent/Content/StarterContent/Materials/M_Tech_Panel.uasset" to "D:/IndependentStudy/IndieStudyFall2018/Content/StarterContent/Materials/M_Tech_Panel.uasset"
[2018.10.23-17.25.10:454][  0]LogPackFactory: Copied "../../../Samples/StarterContent/Content/StarterContent/Materials/M_Water_Lake.uasset" to "D:/IndependentStudy/IndieStudyFall2018/Content/StarterContent/Materials/M_Water_Lake.uasset"
[2018.10.23-17.25.10:467][  0]LogPackFactory: Copied "../../../Samples/StarterContent/Content/StarterContent/Materials/M_Water_Ocean.uasset" to "D:/IndependentStudy/IndieStudyFall2018/Content/StarterContent/Materials/M_Water_Ocean.uasset"
[2018.10.23-17.25.10:478][  0]LogPackFactory: Copied "../../../Samples/StarterContent/Content/StarterContent/Materials/M_Wood_Floor_Walnut_Polished.uasset" to "D:/IndependentStudy/IndieStudyFall2018/Content/StarterContent/Materials/M_Wood_Floor_Walnut_Polished.uasset"
[2018.10.23-17.25.10:492][  0]LogPackFactory: Copied "../../../Samples/StarterContent/Content/StarterContent/Materials/M_Wood_Floor_Walnut_Worn.uasset" to "D:/IndependentStudy/IndieStudyFall2018/Content/StarterContent/Materials/M_Wood_Floor_Walnut_Worn.uasset"
[2018.10.23-17.25.10:507][  0]LogPackFactory: Copied "../../../Samples/StarterContent/Content/StarterContent/Materials/M_Wood_Oak.uasset" to "D:/IndependentStudy/IndieStudyFall2018/Content/StarterContent/Materials/M_Wood_Oak.uasset"
[2018.10.23-17.25.10:518][  0]LogPackFactory: Copied "../../../Samples/StarterContent/Content/StarterContent/Materials/M_Wood_Pine.uasset" to "D:/IndependentStudy/IndieStudyFall2018/Content/StarterContent/Materials/M_Wood_Pine.uasset"
[2018.10.23-17.25.10:529][  0]LogPackFactory: Copied "../../../Samples/StarterContent/Content/StarterContent/Materials/M_Wood_Walnut.uasset" to "D:/IndependentStudy/IndieStudyFall2018/Content/StarterContent/Materials/M_Wood_Walnut.uasset"
[2018.10.23-17.25.10:540][  0]LogPackFactory: Copied "../../../Samples/StarterContent/Content/StarterContent/Particles/P_Ambient_Dust.uasset" to "D:/IndependentStudy/IndieStudyFall2018/Content/StarterContent/Particles/P_Ambient_Dust.uasset"
[2018.10.23-17.25.10:554][  0]LogPackFactory: Copied "../../../Samples/StarterContent/Content/StarterContent/Particles/P_Explosion.uasset" to "D:/IndependentStudy/IndieStudyFall2018/Content/StarterContent/Particles/P_Explosion.uasset"
[2018.10.23-17.25.10:568][  0]LogPackFactory: Copied "../../../Samples/StarterContent/Content/StarterContent/Particles/P_Fire.uasset" to "D:/IndependentStudy/IndieStudyFall2018/Content/StarterContent/Particles/P_Fire.uasset"
[2018.10.23-17.25.10:581][  0]LogPackFactory: Copied "../../../Samples/StarterContent/Content/StarterContent/Particles/P_Smoke.uasset" to "D:/IndependentStudy/IndieStudyFall2018/Content/StarterContent/Particles/P_Smoke.uasset"
[2018.10.23-17.25.10:593][  0]LogPackFactory: Copied "../../../Samples/StarterContent/Content/StarterContent/Particles/P_Sparks.uasset" to "D:/IndependentStudy/IndieStudyFall2018/Content/StarterContent/Particles/P_Sparks.uasset"
[2018.10.23-17.25.10:607][  0]LogPackFactory: Copied "../../../Samples/StarterContent/Content/StarterContent/Particles/P_Steam_Lit.uasset" to "D:/IndependentStudy/IndieStudyFall2018/Content/StarterContent/Particles/P_Steam_Lit.uasset"
[2018.10.23-17.25.10:619][  0]LogPackFactory: Copied "../../../Samples/StarterContent/Content/StarterContent/Particles/Materials/M_Burst.uasset" to "D:/IndependentStudy/IndieStudyFall2018/Content/StarterContent/Particles/Materials/M_Burst.uasset"
[2018.10.23-17.25.10:632][  0]LogPackFactory: Copied "../../../Samples/StarterContent/Content/StarterContent/Particles/Materials/M_Dust_Particle.uasset" to "D:/IndependentStudy/IndieStudyFall2018/Content/StarterContent/Particles/Materials/M_Dust_Particle.uasset"
[2018.10.23-17.25.10:644][  0]LogPackFactory: Copied "../../../Samples/StarterContent/Content/StarterContent/Particles/Materials/M_explosion_subUV.uasset" to "D:/IndependentStudy/IndieStudyFall2018/Content/StarterContent/Particles/Materials/M_explosion_subUV.uasset"
[2018.10.23-17.25.10:656][  0]LogPackFactory: Copied "../../../Samples/StarterContent/Content/StarterContent/Particles/Materials/M_Fire_SubUV.uasset" to "D:/IndependentStudy/IndieStudyFall2018/Content/StarterContent/Particles/Materials/M_Fire_SubUV.uasset"
[2018.10.23-17.25.10:667][  0]LogPackFactory: Copied "../../../Samples/StarterContent/Content/StarterContent/Particles/Materials/m_flare_01.uasset" to "D:/IndependentStudy/IndieStudyFall2018/Content/StarterContent/Particles/Materials/m_flare_01.uasset"
[2018.10.23-17.25.10:679][  0]LogPackFactory: Copied "../../../Samples/StarterContent/Content/StarterContent/Particles/Materials/M_Heat_Distortion.uasset" to "D:/IndependentStudy/IndieStudyFall2018/Content/StarterContent/Particles/Materials/M_Heat_Distortion.uasset"
[2018.10.23-17.25.10:692][  0]LogPackFactory: Copied "../../../Samples/StarterContent/Content/StarterContent/Particles/Materials/M_Radial_Gradient.uasset" to "D:/IndependentStudy/IndieStudyFall2018/Content/StarterContent/Particles/Materials/M_Radial_Gradient.uasset"
[2018.10.23-17.25.10:704][  0]LogPackFactory: Copied "../../../Samples/StarterContent/Content/StarterContent/Particles/Materials/M_radial_ramp.uasset" to "D:/IndependentStudy/IndieStudyFall2018/Content/StarterContent/Particles/Materials/M_radial_ramp.uasset"
[2018.10.23-17.25.10:716][  0]LogPackFactory: Copied "../../../Samples/StarterContent/Content/StarterContent/Particles/Materials/M_smoke_subUV.uasset" to "D:/IndependentStudy/IndieStudyFall2018/Content/StarterContent/Particles/Materials/M_smoke_subUV.uasset"
[2018.10.23-17.25.10:731][  0]LogPackFactory: Copied "../../../Samples/StarterContent/Content/StarterContent/Particles/Materials/M_Spark.uasset" to "D:/IndependentStudy/IndieStudyFall2018/Content/StarterContent/Particles/Materials/M_Spark.uasset"
[2018.10.23-17.25.10:745][  0]LogPackFactory: Copied "../../../Samples/StarterContent/Content/StarterContent/Props/MaterialSphere.uasset" to "D:/IndependentStudy/IndieStudyFall2018/Content/StarterContent/Props/MaterialSphere.uasset"
[2018.10.23-17.25.10:763][  0]LogPackFactory: Copied "../../../Samples/StarterContent/Content/StarterContent/Props/SM_Bush.uasset" to "D:/IndependentStudy/IndieStudyFall2018/Content/StarterContent/Props/SM_Bush.uasset"
[2018.10.23-17.25.10:774][  0]LogPackFactory: Copied "../../../Samples/StarterContent/Content/StarterContent/Props/SM_Chair.uasset" to "D:/IndependentStudy/IndieStudyFall2018/Content/StarterContent/Props/SM_Chair.uasset"
[2018.10.23-17.25.10:785][  0]LogPackFactory: Copied "../../../Samples/StarterContent/Content/StarterContent/Props/SM_CornerFrame.uasset" to "D:/IndependentStudy/IndieStudyFall2018/Content/StarterContent/Props/SM_CornerFrame.uasset"
[2018.10.23-17.25.10:796][  0]LogPackFactory: Copied "../../../Samples/StarterContent/Content/StarterContent/Props/SM_Couch.uasset" to "D:/IndependentStudy/IndieStudyFall2018/Content/StarterContent/Props/SM_Couch.uasset"
[2018.10.23-17.25.10:808][  0]LogPackFactory: Copied "../../../Samples/StarterContent/Content/StarterContent/Props/SM_Door.uasset" to "D:/IndependentStudy/IndieStudyFall2018/Content/StarterContent/Props/SM_Door.uasset"
[2018.10.23-17.25.10:818][  0]LogPackFactory: Copied "../../../Samples/StarterContent/Content/StarterContent/Props/SM_DoorFrame.uasset" to "D:/IndependentStudy/IndieStudyFall2018/Content/StarterContent/Props/SM_DoorFrame.uasset"
[2018.10.23-17.25.10:834][  0]LogPackFactory: Copied "../../../Samples/StarterContent/Content/StarterContent/Props/SM_GlassWindow.uasset" to "D:/IndependentStudy/IndieStudyFall2018/Content/StarterContent/Props/SM_GlassWindow.uasset"
[2018.10.23-17.25.10:846][  0]LogPackFactory: Copied "../../../Samples/StarterContent/Content/StarterContent/Props/SM_Lamp_Ceiling.uasset" to "D:/IndependentStudy/IndieStudyFall2018/Content/StarterContent/Props/SM_Lamp_Ceiling.uasset"
[2018.10.23-17.25.10:857][  0]LogPackFactory: Copied "../../../Samples/StarterContent/Content/StarterContent/Props/SM_Lamp_Wall.uasset" to "D:/IndependentStudy/IndieStudyFall2018/Content/StarterContent/Props/SM_Lamp_Wall.uasset"
[2018.10.23-17.25.10:875][  0]LogPackFactory: Copied "../../../Samples/StarterContent/Content/StarterContent/Props/SM_MatPreviewMesh_02.uasset" to "D:/IndependentStudy/IndieStudyFall2018/Content/StarterContent/Props/SM_MatPreviewMesh_02.uasset"
[2018.10.23-17.25.10:885][  0]LogPackFactory: Copied "../../../Samples/StarterContent/Content/StarterContent/Props/SM_PillarFrame.uasset" to "D:/IndependentStudy/IndieStudyFall2018/Content/StarterContent/Props/SM_PillarFrame.uasset"
[2018.10.23-17.25.10:897][  0]LogPackFactory: Copied "../../../Samples/StarterContent/Content/StarterContent/Props/SM_PillarFrame300.uasset" to "D:/IndependentStudy/IndieStudyFall2018/Content/StarterContent/Props/SM_PillarFrame300.uasset"
[2018.10.23-17.25.10:908][  0]LogPackFactory: Copied "../../../Samples/StarterContent/Content/StarterContent/Props/SM_Rock.uasset" to "D:/IndependentStudy/IndieStudyFall2018/Content/StarterContent/Props/SM_Rock.uasset"
[2018.10.23-17.25.10:920][  0]LogPackFactory: Copied "../../../Samples/StarterContent/Content/StarterContent/Props/SM_Shelf.uasset" to "D:/IndependentStudy/IndieStudyFall2018/Content/StarterContent/Props/SM_Shelf.uasset"
[2018.10.23-17.25.10:931][  0]LogPackFactory: Copied "../../../Samples/StarterContent/Content/StarterContent/Props/SM_Stairs.uasset" to "D:/IndependentStudy/IndieStudyFall2018/Content/StarterContent/Props/SM_Stairs.uasset"
[2018.10.23-17.25.10:943][  0]LogPackFactory: Copied "../../../Samples/StarterContent/Content/StarterContent/Props/SM_Statue.uasset" to "D:/IndependentStudy/IndieStudyFall2018/Content/StarterContent/Props/SM_Statue.uasset"
[2018.10.23-17.25.10:984][  0]LogPackFactory: Copied "../../../Samples/StarterContent/Content/StarterContent/Props/SM_TableRound.uasset" to "D:/IndependentStudy/IndieStudyFall2018/Content/StarterContent/Props/SM_TableRound.uasset"
[2018.10.23-17.25.10:996][  0]LogPackFactory: Copied "../../../Samples/StarterContent/Content/StarterContent/Props/SM_WindowFrame.uasset" to "D:/IndependentStudy/IndieStudyFall2018/Content/StarterContent/Props/SM_WindowFrame.uasset"
[2018.10.23-17.25.11:011][  0]LogPackFactory: Copied "../../../Samples/StarterContent/Content/StarterContent/Props/Materials/M_Bush.uasset" to "D:/IndependentStudy/IndieStudyFall2018/Content/StarterContent/Props/Materials/M_Bush.uasset"
[2018.10.23-17.25.11:023][  0]LogPackFactory: Copied "../../../Samples/StarterContent/Content/StarterContent/Props/Materials/M_Chair.uasset" to "D:/IndependentStudy/IndieStudyFall2018/Content/StarterContent/Props/Materials/M_Chair.uasset"
[2018.10.23-17.25.11:034][  0]LogPackFactory: Copied "../../../Samples/StarterContent/Content/StarterContent/Props/Materials/M_Door.uasset" to "D:/IndependentStudy/IndieStudyFall2018/Content/StarterContent/Props/Materials/M_Door.uasset"
[2018.10.23-17.25.11:046][  0]LogPackFactory: Copied "../../../Samples/StarterContent/Content/StarterContent/Props/Materials/M_Frame.uasset" to "D:/IndependentStudy/IndieStudyFall2018/Content/StarterContent/Props/Materials/M_Frame.uasset"
[2018.10.23-17.25.11:057][  0]LogPackFactory: Copied "../../../Samples/StarterContent/Content/StarterContent/Props/Materials/M_Lamp.uasset" to "D:/IndependentStudy/IndieStudyFall2018/Content/StarterContent/Props/Materials/M_Lamp.uasset"
[2018.10.23-17.25.11:068][  0]LogPackFactory: Copied "../../../Samples/StarterContent/Content/StarterContent/Props/Materials/M_MaterialSphere.uasset" to "D:/IndependentStudy/IndieStudyFall2018/Content/StarterContent/Props/Materials/M_MaterialSphere.uasset"
[2018.10.23-17.25.11:081][  0]LogPackFactory: Copied "../../../Samples/StarterContent/Content/StarterContent/Props/Materials/M_MaterialSphere_Plain.uasset" to "D:/IndependentStudy/IndieStudyFall2018/Content/StarterContent/Props/Materials/M_MaterialSphere_Plain.uasset"
[2018.10.23-17.25.11:094][  0]LogPackFactory: Copied "../../../Samples/StarterContent/Content/StarterContent/Props/Materials/M_Rock.uasset" to "D:/IndependentStudy/IndieStudyFall2018/Content/StarterContent/Props/Materials/M_Rock.uasset"
[2018.10.23-17.25.11:111][  0]LogPackFactory: Copied "../../../Samples/StarterContent/Content/StarterContent/Props/Materials/M_Shelf.uasset" to "D:/IndependentStudy/IndieStudyFall2018/Content/StarterContent/Props/Materials/M_Shelf.uasset"
[2018.10.23-17.25.11:124][  0]LogPackFactory: Copied "../../../Samples/StarterContent/Content/StarterContent/Props/Materials/M_Statue.uasset" to "D:/IndependentStudy/IndieStudyFall2018/Content/StarterContent/Props/Materials/M_Statue.uasset"
[2018.10.23-17.25.11:135][  0]LogPackFactory: Copied "../../../Samples/StarterContent/Content/StarterContent/Props/Materials/M_StatueGlass.uasset" to "D:/IndependentStudy/IndieStudyFall2018/Content/StarterContent/Props/Materials/M_StatueGlass.uasset"
[2018.10.23-17.25.11:146][  0]LogPackFactory: Copied "../../../Samples/StarterContent/Content/StarterContent/Props/Materials/M_TableRound.uasset" to "D:/IndependentStudy/IndieStudyFall2018/Content/StarterContent/Props/Materials/M_TableRound.uasset"
[2018.10.23-17.25.11:156][  0]LogPackFactory: Copied "../../../Samples/StarterContent/Content/StarterContent/Shapes/Shape_Cone.uasset" to "D:/IndependentStudy/IndieStudyFall2018/Content/StarterContent/Shapes/Shape_Cone.uasset"
[2018.10.23-17.25.11:168][  0]LogPackFactory: Copied "../../../Samples/StarterContent/Content/StarterContent/Shapes/Shape_Cube.uasset" to "D:/IndependentStudy/IndieStudyFall2018/Content/StarterContent/Shapes/Shape_Cube.uasset"
[2018.10.23-17.25.11:184][  0]LogPackFactory: Copied "../../../Samples/StarterContent/Content/StarterContent/Shapes/Shape_Cylinder.uasset" to "D:/IndependentStudy/IndieStudyFall2018/Content/StarterContent/Shapes/Shape_Cylinder.uasset"
[2018.10.23-17.25.11:198][  0]LogPackFactory: Copied "../../../Samples/StarterContent/Content/StarterContent/Shapes/Shape_NarrowCapsule.uasset" to "D:/IndependentStudy/IndieStudyFall2018/Content/StarterContent/Shapes/Shape_NarrowCapsule.uasset"
[2018.10.23-17.25.11:210][  0]LogPackFactory: Copied "../../../Samples/StarterContent/Content/StarterContent/Shapes/Shape_Pipe.uasset" to "D:/IndependentStudy/IndieStudyFall2018/Content/StarterContent/Shapes/Shape_Pipe.uasset"
[2018.10.23-17.25.11:221][  0]LogPackFactory: Copied "../../../Samples/StarterContent/Content/StarterContent/Shapes/Shape_Pipe_180.uasset" to "D:/IndependentStudy/IndieStudyFall2018/Content/StarterContent/Shapes/Shape_Pipe_180.uasset"
[2018.10.23-17.25.11:233][  0]LogPackFactory: Copied "../../../Samples/StarterContent/Content/StarterContent/Shapes/Shape_Pipe_90.uasset" to "D:/IndependentStudy/IndieStudyFall2018/Content/StarterContent/Shapes/Shape_Pipe_90.uasset"
[2018.10.23-17.25.11:245][  0]LogPackFactory: Copied "../../../Samples/StarterContent/Content/StarterContent/Shapes/Shape_Plane.uasset" to "D:/IndependentStudy/IndieStudyFall2018/Content/StarterContent/Shapes/Shape_Plane.uasset"
[2018.10.23-17.25.11:257][  0]LogPackFactory: Copied "../../../Samples/StarterContent/Content/StarterContent/Shapes/Shape_QuadPyramid.uasset" to "D:/IndependentStudy/IndieStudyFall2018/Content/StarterContent/Shapes/Shape_QuadPyramid.uasset"
[2018.10.23-17.25.11:269][  0]LogPackFactory: Copied "../../../Samples/StarterContent/Content/StarterContent/Shapes/Shape_Sphere.uasset" to "D:/IndependentStudy/IndieStudyFall2018/Content/StarterContent/Shapes/Shape_Sphere.uasset"
[2018.10.23-17.25.11:282][  0]LogPackFactory: Copied "../../../Samples/StarterContent/Content/StarterContent/Shapes/Shape_Torus.uasset" to "D:/IndependentStudy/IndieStudyFall2018/Content/StarterContent/Shapes/Shape_Torus.uasset"
[2018.10.23-17.25.11:294][  0]LogPackFactory: Copied "../../../Samples/StarterContent/Content/StarterContent/Shapes/Shape_Trim.uasset" to "D:/IndependentStudy/IndieStudyFall2018/Content/StarterContent/Shapes/Shape_Trim.uasset"
[2018.10.23-17.25.11:305][  0]LogPackFactory: Copied "../../../Samples/StarterContent/Content/StarterContent/Shapes/Shape_Trim_90_In.uasset" to "D:/IndependentStudy/IndieStudyFall2018/Content/StarterContent/Shapes/Shape_Trim_90_In.uasset"
[2018.10.23-17.25.11:318][  0]LogPackFactory: Copied "../../../Samples/StarterContent/Content/StarterContent/Shapes/Shape_Trim_90_Out.uasset" to "D:/IndependentStudy/IndieStudyFall2018/Content/StarterContent/Shapes/Shape_Trim_90_Out.uasset"
[2018.10.23-17.25.11:329][  0]LogPackFactory: Copied "../../../Samples/StarterContent/Content/StarterContent/Shapes/Shape_TriPyramid.uasset" to "D:/IndependentStudy/IndieStudyFall2018/Content/StarterContent/Shapes/Shape_TriPyramid.uasset"
[2018.10.23-17.25.11:340][  0]LogPackFactory: Copied "../../../Samples/StarterContent/Content/StarterContent/Shapes/Shape_Tube.uasset" to "D:/IndependentStudy/IndieStudyFall2018/Content/StarterContent/Shapes/Shape_Tube.uasset"
[2018.10.23-17.25.11:351][  0]LogPackFactory: Copied "../../../Samples/StarterContent/Content/StarterContent/Shapes/Shape_Wedge_A.uasset" to "D:/IndependentStudy/IndieStudyFall2018/Content/StarterContent/Shapes/Shape_Wedge_A.uasset"
[2018.10.23-17.25.11:364][  0]LogPackFactory: Copied "../../../Samples/StarterContent/Content/StarterContent/Shapes/Shape_Wedge_B.uasset" to "D:/IndependentStudy/IndieStudyFall2018/Content/StarterContent/Shapes/Shape_Wedge_B.uasset"
[2018.10.23-17.25.11:377][  0]LogPackFactory: Copied "../../../Samples/StarterContent/Content/StarterContent/Shapes/Shape_WideCapsule.uasset" to "D:/IndependentStudy/IndieStudyFall2018/Content/StarterContent/Shapes/Shape_WideCapsule.uasset"
[2018.10.23-17.25.11:415][  0]LogPackFactory: Copied "../../../Samples/StarterContent/Content/StarterContent/Textures/T_Brick_Clay_Beveled_D.uasset" to "D:/IndependentStudy/IndieStudyFall2018/Content/StarterContent/Textures/T_Brick_Clay_Beveled_D.uasset"
[2018.10.23-17.25.11:460][  0]LogPackFactory: Copied "../../../Samples/StarterContent/Content/StarterContent/Textures/T_Brick_Clay_Beveled_M.uasset" to "D:/IndependentStudy/IndieStudyFall2018/Content/StarterContent/Textures/T_Brick_Clay_Beveled_M.uasset"
[2018.10.23-17.25.11:500][  0]LogPackFactory: Copied "../../../Samples/StarterContent/Content/StarterContent/Textures/T_Brick_Clay_Beveled_N.uasset" to "D:/IndependentStudy/IndieStudyFall2018/Content/StarterContent/Textures/T_Brick_Clay_Beveled_N.uasset"
[2018.10.23-17.25.11:541][  0]LogPackFactory: Copied "../../../Samples/StarterContent/Content/StarterContent/Textures/T_Brick_Clay_New_D.uasset" to "D:/IndependentStudy/IndieStudyFall2018/Content/StarterContent/Textures/T_Brick_Clay_New_D.uasset"
[2018.10.23-17.25.11:591][  0]LogPackFactory: Copied "../../../Samples/StarterContent/Content/StarterContent/Textures/T_Brick_Clay_New_M.uasset" to "D:/IndependentStudy/IndieStudyFall2018/Content/StarterContent/Textures/T_Brick_Clay_New_M.uasset"
[2018.10.23-17.25.11:637][  0]LogPackFactory: Copied "../../../Samples/StarterContent/Content/StarterContent/Textures/T_Brick_Clay_New_N.uasset" to "D:/IndependentStudy/IndieStudyFall2018/Content/StarterContent/Textures/T_Brick_Clay_New_N.uasset"
[2018.10.23-17.25.11:701][  0]LogPackFactory: Copied "../../../Samples/StarterContent/Content/StarterContent/Textures/T_Brick_Clay_Old_D.uasset" to "D:/IndependentStudy/IndieStudyFall2018/Content/StarterContent/Textures/T_Brick_Clay_Old_D.uasset"
[2018.10.23-17.25.11:747][  0]LogPackFactory: Copied "../../../Samples/StarterContent/Content/StarterContent/Textures/T_Brick_Clay_Old_N.uasset" to "D:/IndependentStudy/IndieStudyFall2018/Content/StarterContent/Textures/T_Brick_Clay_Old_N.uasset"
[2018.10.23-17.25.11:814][  0]LogPackFactory: Copied "../../../Samples/StarterContent/Content/StarterContent/Textures/T_Brick_Cut_Stone_D.uasset" to "D:/IndependentStudy/IndieStudyFall2018/Content/StarterContent/Textures/T_Brick_Cut_Stone_D.uasset"
[2018.10.23-17.25.11:854][  0]LogPackFactory: Copied "../../../Samples/StarterContent/Content/StarterContent/Textures/T_Brick_Cut_Stone_N.uasset" to "D:/IndependentStudy/IndieStudyFall2018/Content/StarterContent/Textures/T_Brick_Cut_Stone_N.uasset"
[2018.10.23-17.25.11:889][  0]LogPackFactory: Copied "../../../Samples/StarterContent/Content/StarterContent/Textures/T_Brick_Hewn_Stone_D.uasset" to "D:/IndependentStudy/IndieStudyFall2018/Content/StarterContent/Textures/T_Brick_Hewn_Stone_D.uasset"
[2018.10.23-17.25.11:922][  0]LogPackFactory: Copied "../../../Samples/StarterContent/Content/StarterContent/Textures/T_Brick_Hewn_Stone_M.uasset" to "D:/IndependentStudy/IndieStudyFall2018/Content/StarterContent/Textures/T_Brick_Hewn_Stone_M.uasset"
[2018.10.23-17.25.11:964][  0]LogPackFactory: Copied "../../../Samples/StarterContent/Content/StarterContent/Textures/T_Brick_Hewn_Stone_N.uasset" to "D:/IndependentStudy/IndieStudyFall2018/Content/StarterContent/Textures/T_Brick_Hewn_Stone_N.uasset"
[2018.10.23-17.25.11:979][  0]LogPackFactory: Copied "../../../Samples/StarterContent/Content/StarterContent/Textures/T_Burst_M.uasset" to "D:/IndependentStudy/IndieStudyFall2018/Content/StarterContent/Textures/T_Burst_M.uasset"
[2018.10.23-17.25.11:995][  0]LogPackFactory: Copied "../../../Samples/StarterContent/Content/StarterContent/Textures/T_Bush_D.uasset" to "D:/IndependentStudy/IndieStudyFall2018/Content/StarterContent/Textures/T_Bush_D.uasset"
[2018.10.23-17.25.12:016][  0]LogPackFactory: Copied "../../../Samples/StarterContent/Content/StarterContent/Textures/T_Bush_N.uasset" to "D:/IndependentStudy/IndieStudyFall2018/Content/StarterContent/Textures/T_Bush_N.uasset"
[2018.10.23-17.25.12:033][  0]LogPackFactory: Copied "../../../Samples/StarterContent/Content/StarterContent/Textures/T_Ceramic_Tile_M.uasset" to "D:/IndependentStudy/IndieStudyFall2018/Content/StarterContent/Textures/T_Ceramic_Tile_M.uasset"
[2018.10.23-17.25.12:051][  0]LogPackFactory: Copied "../../../Samples/StarterContent/Content/StarterContent/Textures/T_Ceramic_Tile_N.uasset" to "D:/IndependentStudy/IndieStudyFall2018/Content/StarterContent/Textures/T_Ceramic_Tile_N.uasset"
[2018.10.23-17.25.12:064][  0]LogPackFactory: Copied "../../../Samples/StarterContent/Content/StarterContent/Textures/T_Chair_M.uasset" to "D:/IndependentStudy/IndieStudyFall2018/Content/StarterContent/Textures/T_Chair_M.uasset"
[2018.10.23-17.25.12:092][  0]LogPackFactory: Copied "../../../Samples/StarterContent/Content/StarterContent/Textures/T_Chair_N.uasset" to "D:/IndependentStudy/IndieStudyFall2018/Content/StarterContent/Textures/T_Chair_N.uasset"
[2018.10.23-17.25.12:107][  0]LogPackFactory: Copied "../../../Samples/StarterContent/Content/StarterContent/Textures/T_Checker_Noise_M.uasset" to "D:/IndependentStudy/IndieStudyFall2018/Content/StarterContent/Textures/T_Checker_Noise_M.uasset"
[2018.10.23-17.25.12:160][  0]LogPackFactory: Copied "../../../Samples/StarterContent/Content/StarterContent/Textures/T_CobbleStone_Pebble_D.uasset" to "D:/IndependentStudy/IndieStudyFall2018/Content/StarterContent/Textures/T_CobbleStone_Pebble_D.uasset"
[2018.10.23-17.25.12:175][  0]LogPackFactory: Copied "../../../Samples/StarterContent/Content/StarterContent/Textures/T_CobbleStone_Pebble_M.uasset" to "D:/IndependentStudy/IndieStudyFall2018/Content/StarterContent/Textures/T_CobbleStone_Pebble_M.uasset"
[2018.10.23-17.25.12:223][  0]LogPackFactory: Copied "../../../Samples/StarterContent/Content/StarterContent/Textures/T_CobbleStone_Pebble_N.uasset" to "D:/IndependentStudy/IndieStudyFall2018/Content/StarterContent/Textures/T_CobbleStone_Pebble_N.uasset"
[2018.10.23-17.25.12:245][  0]LogPackFactory: Copied "../../../Samples/StarterContent/Content/StarterContent/Textures/T_CobbleStone_Rough_D.uasset" to "D:/IndependentStudy/IndieStudyFall2018/Content/StarterContent/Textures/T_CobbleStone_Rough_D.uasset"
[2018.10.23-17.25.12:271][  0]LogPackFactory: Copied "../../../Samples/StarterContent/Content/StarterContent/Textures/T_CobbleStone_Rough_N.uasset" to "D:/IndependentStudy/IndieStudyFall2018/Content/StarterContent/Textures/T_CobbleStone_Rough_N.uasset"
[2018.10.23-17.25.12:352][  0]LogPackFactory: Copied "../../../Samples/StarterContent/Content/StarterContent/Textures/T_CobbleStone_Smooth_D.uasset" to "D:/IndependentStudy/IndieStudyFall2018/Content/StarterContent/Textures/T_CobbleStone_Smooth_D.uasset"
[2018.10.23-17.25.12:385][  0]LogPackFactory: Copied "../../../Samples/StarterContent/Content/StarterContent/Textures/T_CobbleStone_Smooth_M.uasset" to "D:/IndependentStudy/IndieStudyFall2018/Content/StarterContent/Textures/T_CobbleStone_Smooth_M.uasset"
[2018.10.23-17.25.12:429][  0]LogPackFactory: Copied "../../../Samples/StarterContent/Content/StarterContent/Textures/T_CobbleStone_Smooth_N.uasset" to "D:/IndependentStudy/IndieStudyFall2018/Content/StarterContent/Textures/T_CobbleStone_Smooth_N.uasset"
[2018.10.23-17.25.12:479][  0]LogPackFactory: Copied "../../../Samples/StarterContent/Content/StarterContent/Textures/T_Concrete_Grime_D.uasset" to "D:/IndependentStudy/IndieStudyFall2018/Content/StarterContent/Textures/T_Concrete_Grime_D.uasset"
[2018.10.23-17.25.12:515][  0]LogPackFactory: Copied "../../../Samples/StarterContent/Content/StarterContent/Textures/T_Concrete_Panels_D.uasset" to "D:/IndependentStudy/IndieStudyFall2018/Content/StarterContent/Textures/T_Concrete_Panels_D.uasset"
[2018.10.23-17.25.12:548][  0]LogPackFactory: Copied "../../../Samples/StarterContent/Content/StarterContent/Textures/T_Concrete_Panels_N.uasset" to "D:/IndependentStudy/IndieStudyFall2018/Content/StarterContent/Textures/T_Concrete_Panels_N.uasset"
[2018.10.23-17.25.12:595][  0]LogPackFactory: Copied "../../../Samples/StarterContent/Content/StarterContent/Textures/T_Concrete_Poured_D.uasset" to "D:/IndependentStudy/IndieStudyFall2018/Content/StarterContent/Textures/T_Concrete_Poured_D.uasset"
[2018.10.23-17.25.12:629][  0]LogPackFactory: Copied "../../../Samples/StarterContent/Content/StarterContent/Textures/T_Concrete_Poured_N.uasset" to "D:/IndependentStudy/IndieStudyFall2018/Content/StarterContent/Textures/T_Concrete_Poured_N.uasset"
[2018.10.23-17.25.12:654][  0]LogPackFactory: Copied "../../../Samples/StarterContent/Content/StarterContent/Textures/T_Concrete_Tiles_D.uasset" to "D:/IndependentStudy/IndieStudyFall2018/Content/StarterContent/Textures/T_Concrete_Tiles_D.uasset"
[2018.10.23-17.25.12:681][  0]LogPackFactory: Copied "../../../Samples/StarterContent/Content/StarterContent/Textures/T_Concrete_Tiles_M.uasset" to "D:/IndependentStudy/IndieStudyFall2018/Content/StarterContent/Textures/T_Concrete_Tiles_M.uasset"
[2018.10.23-17.25.12:712][  0]LogPackFactory: Copied "../../../Samples/StarterContent/Content/StarterContent/Textures/T_Concrete_Tiles_N.uasset" to "D:/IndependentStudy/IndieStudyFall2018/Content/StarterContent/Textures/T_Concrete_Tiles_N.uasset"
[2018.10.23-17.25.12:718][  0]LogPackFactory: Copied "../../../Samples/StarterContent/Content/StarterContent/Textures/T_Concrete_Tiles_Variation_M.uasset" to "D:/IndependentStudy/IndieStudyFall2018/Content/StarterContent/Textures/T_Concrete_Tiles_Variation_M.uasset"
[2018.10.23-17.25.12:740][  0]LogPackFactory: Copied "../../../Samples/StarterContent/Content/StarterContent/Textures/T_Detail_Rocky_N.uasset" to "D:/IndependentStudy/IndieStudyFall2018/Content/StarterContent/Textures/T_Detail_Rocky_N.uasset"
[2018.10.23-17.25.12:752][  0]LogPackFactory: Copied "../../../Samples/StarterContent/Content/StarterContent/Textures/T_Door_M.uasset" to "D:/IndependentStudy/IndieStudyFall2018/Content/StarterContent/Textures/T_Door_M.uasset"
[2018.10.23-17.25.12:766][  0]LogPackFactory: Copied "../../../Samples/StarterContent/Content/StarterContent/Textures/T_Door_N.uasset" to "D:/IndependentStudy/IndieStudyFall2018/Content/StarterContent/Textures/T_Door_N.uasset"
[2018.10.23-17.25.12:778][  0]LogPackFactory: Copied "../../../Samples/StarterContent/Content/StarterContent/Textures/T_Dust_Particle_D.uasset" to "D:/IndependentStudy/IndieStudyFall2018/Content/StarterContent/Textures/T_Dust_Particle_D.uasset"
[2018.10.23-17.25.12:798][  0]LogPackFactory: Copied "../../../Samples/StarterContent/Content/StarterContent/Textures/T_Explosion_SubUV.uasset" to "D:/IndependentStudy/IndieStudyFall2018/Content/StarterContent/Textures/T_Explosion_SubUV.uasset"
[2018.10.23-17.25.12:811][  0]LogPackFactory: Copied "../../../Samples/StarterContent/Content/StarterContent/Textures/T_Fire_SubUV.uasset" to "D:/IndependentStudy/IndieStudyFall2018/Content/StarterContent/Textures/T_Fire_SubUV.uasset"
[2018.10.23-17.25.12:823][  0]LogPackFactory: Copied "../../../Samples/StarterContent/Content/StarterContent/Textures/T_Fire_Tiled_D.uasset" to "D:/IndependentStudy/IndieStudyFall2018/Content/StarterContent/Textures/T_Fire_Tiled_D.uasset"
[2018.10.23-17.25.12:835][  0]LogPackFactory: Copied "../../../Samples/StarterContent/Content/StarterContent/Textures/T_Frame_M.uasset" to "D:/IndependentStudy/IndieStudyFall2018/Content/StarterContent/Textures/T_Frame_M.uasset"
[2018.10.23-17.25.12:850][  0]LogPackFactory: Copied "../../../Samples/StarterContent/Content/StarterContent/Textures/T_Frame_N.uasset" to "D:/IndependentStudy/IndieStudyFall2018/Content/StarterContent/Textures/T_Frame_N.uasset"
[2018.10.23-17.25.12:857][  0]LogPackFactory: Copied "../../../Samples/StarterContent/Content/StarterContent/Textures/T_Gradinet_01.uasset" to "D:/IndependentStudy/IndieStudyFall2018/Content/StarterContent/Textures/T_Gradinet_01.uasset"
[2018.10.23-17.25.12:901][  0]LogPackFactory: Copied "../../../Samples/StarterContent/Content/StarterContent/Textures/T_Ground_Grass_D.uasset" to "D:/IndependentStudy/IndieStudyFall2018/Content/StarterContent/Textures/T_Ground_Grass_D.uasset"
[2018.10.23-17.25.12:944][  0]LogPackFactory: Copied "../../../Samples/StarterContent/Content/StarterContent/Textures/T_Ground_Grass_N.uasset" to "D:/IndependentStudy/IndieStudyFall2018/Content/StarterContent/Textures/T_Ground_Grass_N.uasset"
[2018.10.23-17.25.12:986][  0]LogPackFactory: Copied "../../../Samples/StarterContent/Content/StarterContent/Textures/T_Ground_Gravel_D.uasset" to "D:/IndependentStudy/IndieStudyFall2018/Content/StarterContent/Textures/T_Ground_Gravel_D.uasset"
[2018.10.23-17.25.13:017][  0]LogPackFactory: Copied "../../../Samples/StarterContent/Content/StarterContent/Textures/T_Ground_Gravel_N.uasset" to "D:/IndependentStudy/IndieStudyFall2018/Content/StarterContent/Textures/T_Ground_Gravel_N.uasset"
[2018.10.23-17.25.13:076][  0]LogPackFactory: Copied "../../../Samples/StarterContent/Content/StarterContent/Textures/T_ground_Moss_D.uasset" to "D:/IndependentStudy/IndieStudyFall2018/Content/StarterContent/Textures/T_ground_Moss_D.uasset"
[2018.10.23-17.25.13:110][  0]LogPackFactory: Copied "../../../Samples/StarterContent/Content/StarterContent/Textures/T_Ground_Moss_N.uasset" to "D:/IndependentStudy/IndieStudyFall2018/Content/StarterContent/Textures/T_Ground_Moss_N.uasset"
[2018.10.23-17.25.13:123][  0]LogPackFactory: Copied "../../../Samples/StarterContent/Content/StarterContent/Textures/T_Lamp_M.uasset" to "D:/IndependentStudy/IndieStudyFall2018/Content/StarterContent/Textures/T_Lamp_M.uasset"
[2018.10.23-17.25.13:140][  0]LogPackFactory: Copied "../../../Samples/StarterContent/Content/StarterContent/Textures/T_Lamp_N.uasset" to "D:/IndependentStudy/IndieStudyFall2018/Content/StarterContent/Textures/T_Lamp_N.uasset"
[2018.10.23-17.25.13:181][  0]LogPackFactory: Copied "../../../Samples/StarterContent/Content/StarterContent/Textures/T_MacroVariation.uasset" to "D:/IndependentStudy/IndieStudyFall2018/Content/StarterContent/Textures/T_MacroVariation.uasset"
[2018.10.23-17.25.13:218][  0]LogPackFactory: Copied "../../../Samples/StarterContent/Content/StarterContent/Textures/T_Metal_Aluminum_D.uasset" to "D:/IndependentStudy/IndieStudyFall2018/Content/StarterContent/Textures/T_Metal_Aluminum_D.uasset"
[2018.10.23-17.25.13:252][  0]LogPackFactory: Copied "../../../Samples/StarterContent/Content/StarterContent/Textures/T_Metal_Copper_D.uasset" to "D:/IndependentStudy/IndieStudyFall2018/Content/StarterContent/Textures/T_Metal_Copper_D.uasset"
[2018.10.23-17.25.13:288][  0]LogPackFactory: Copied "../../../Samples/StarterContent/Content/StarterContent/Textures/T_Metal_Gold_D.uasset" to "D:/IndependentStudy/IndieStudyFall2018/Content/StarterContent/Textures/T_Metal_Gold_D.uasset"
[2018.10.23-17.25.13:410][  0]LogPackFactory: Copied "../../../Samples/StarterContent/Content/StarterContent/Textures/T_Metal_Gold_N.uasset" to "D:/IndependentStudy/IndieStudyFall2018/Content/StarterContent/Textures/T_Metal_Gold_N.uasset"
[2018.10.23-17.25.13:454][  0]LogPackFactory: Copied "../../../Samples/StarterContent/Content/StarterContent/Textures/T_Metal_Rust_D.uasset" to "D:/IndependentStudy/IndieStudyFall2018/Content/StarterContent/Textures/T_Metal_Rust_D.uasset"
[2018.10.23-17.25.13:486][  0]LogPackFactory: Copied "../../../Samples/StarterContent/Content/StarterContent/Textures/T_Metal_Rust_N.uasset" to "D:/IndependentStudy/IndieStudyFall2018/Content/StarterContent/Textures/T_Metal_Rust_N.uasset"
[2018.10.23-17.25.13:520][  0]LogPackFactory: Copied "../../../Samples/StarterContent/Content/StarterContent/Textures/T_Metal_Steel_D.uasset" to "D:/IndependentStudy/IndieStudyFall2018/Content/StarterContent/Textures/T_Metal_Steel_D.uasset"
[2018.10.23-17.25.13:550][  0]LogPackFactory: Copied "../../../Samples/StarterContent/Content/StarterContent/Textures/T_Metal_Steel_N.uasset" to "D:/IndependentStudy/IndieStudyFall2018/Content/StarterContent/Textures/T_Metal_Steel_N.uasset"
[2018.10.23-17.25.13:594][  0]LogPackFactory: Copied "../../../Samples/StarterContent/Content/StarterContent/Textures/T_Perlin_Noise_M.uasset" to "D:/IndependentStudy/IndieStudyFall2018/Content/StarterContent/Textures/T_Perlin_Noise_M.uasset"
[2018.10.23-17.25.13:614][  0]LogPackFactory: Copied "../../../Samples/StarterContent/Content/StarterContent/Textures/T_RockMesh_M.uasset" to "D:/IndependentStudy/IndieStudyFall2018/Content/StarterContent/Textures/T_RockMesh_M.uasset"
[2018.10.23-17.25.13:643][  0]LogPackFactory: Copied "../../../Samples/StarterContent/Content/StarterContent/Textures/T_RockMesh_N.uasset" to "D:/IndependentStudy/IndieStudyFall2018/Content/StarterContent/Textures/T_RockMesh_N.uasset"
[2018.10.23-17.25.13:721][  0]LogPackFactory: Copied "../../../Samples/StarterContent/Content/StarterContent/Textures/T_Rock_Basalt_D.uasset" to "D:/IndependentStudy/IndieStudyFall2018/Content/StarterContent/Textures/T_Rock_Basalt_D.uasset"
[2018.10.23-17.25.13:777][  0]LogPackFactory: Copied "../../../Samples/StarterContent/Content/StarterContent/Textures/T_Rock_Basalt_N.uasset" to "D:/IndependentStudy/IndieStudyFall2018/Content/StarterContent/Textures/T_Rock_Basalt_N.uasset"
[2018.10.23-17.25.13:809][  0]LogPackFactory: Copied "../../../Samples/StarterContent/Content/StarterContent/Textures/T_Rock_Marble_Polished_D.uasset" to "D:/IndependentStudy/IndieStudyFall2018/Content/StarterContent/Textures/T_Rock_Marble_Polished_D.uasset"
[2018.10.23-17.25.13:861][  0]LogPackFactory: Copied "../../../Samples/StarterContent/Content/StarterContent/Textures/T_Rock_Sandstone_D.uasset" to "D:/IndependentStudy/IndieStudyFall2018/Content/StarterContent/Textures/T_Rock_Sandstone_D.uasset"
[2018.10.23-17.25.13:914][  0]LogPackFactory: Copied "../../../Samples/StarterContent/Content/StarterContent/Textures/T_Rock_Sandstone_N.uasset" to "D:/IndependentStudy/IndieStudyFall2018/Content/StarterContent/Textures/T_Rock_Sandstone_N.uasset"
[2018.10.23-17.25.14:061][  0]LogPackFactory: Copied "../../../Samples/StarterContent/Content/StarterContent/Textures/T_Rock_Slate_D.uasset" to "D:/IndependentStudy/IndieStudyFall2018/Content/StarterContent/Textures/T_Rock_Slate_D.uasset"
[2018.10.23-17.25.14:111][  0]LogPackFactory: Copied "../../../Samples/StarterContent/Content/StarterContent/Textures/T_Rock_Slate_N.uasset" to "D:/IndependentStudy/IndieStudyFall2018/Content/StarterContent/Textures/T_Rock_Slate_N.uasset"
[2018.10.23-17.25.14:157][  0]LogPackFactory: Copied "../../../Samples/StarterContent/Content/StarterContent/Textures/T_Rock_Smooth_Granite_D.uasset" to "D:/IndependentStudy/IndieStudyFall2018/Content/StarterContent/Textures/T_Rock_Smooth_Granite_D.uasset"
[2018.10.23-17.25.14:173][  0]LogPackFactory: Copied "../../../Samples/StarterContent/Content/StarterContent/Textures/T_Shelf_M.uasset" to "D:/IndependentStudy/IndieStudyFall2018/Content/StarterContent/Textures/T_Shelf_M.uasset"
[2018.10.23-17.25.14:194][  0]LogPackFactory: Copied "../../../Samples/StarterContent/Content/StarterContent/Textures/T_Shelf_N.uasset" to "D:/IndependentStudy/IndieStudyFall2018/Content/StarterContent/Textures/T_Shelf_N.uasset"
[2018.10.23-17.25.14:203][  0]LogPackFactory: Copied "../../../Samples/StarterContent/Content/StarterContent/Textures/T_Single_Tile_N.uasset" to "D:/IndependentStudy/IndieStudyFall2018/Content/StarterContent/Textures/T_Single_Tile_N.uasset"
[2018.10.23-17.25.14:231][  0]LogPackFactory: Copied "../../../Samples/StarterContent/Content/StarterContent/Textures/T_Smoke_SubUV.uasset" to "D:/IndependentStudy/IndieStudyFall2018/Content/StarterContent/Textures/T_Smoke_SubUV.uasset"
[2018.10.23-17.25.14:243][  0]LogPackFactory: Copied "../../../Samples/StarterContent/Content/StarterContent/Textures/T_Smoke_Tiled_D.uasset" to "D:/IndependentStudy/IndieStudyFall2018/Content/StarterContent/Textures/T_Smoke_Tiled_D.uasset"
[2018.10.23-17.25.14:257][  0]LogPackFactory: Copied "../../../Samples/StarterContent/Content/StarterContent/Textures/T_Spark_Core.uasset" to "D:/IndependentStudy/IndieStudyFall2018/Content/StarterContent/Textures/T_Spark_Core.uasset"
[2018.10.23-17.25.14:268][  0]LogPackFactory: Copied "../../../Samples/StarterContent/Content/StarterContent/Textures/T_Statue_M.uasset" to "D:/IndependentStudy/IndieStudyFall2018/Content/StarterContent/Textures/T_Statue_M.uasset"
[2018.10.23-17.25.14:281][  0]LogPackFactory: Copied "../../../Samples/StarterContent/Content/StarterContent/Textures/T_Statue_N.uasset" to "D:/IndependentStudy/IndieStudyFall2018/Content/StarterContent/Textures/T_Statue_N.uasset"
[2018.10.23-17.25.14:329][  0]LogPackFactory: Copied "../../../Samples/StarterContent/Content/StarterContent/Textures/T_TableRound_M.uasset" to "D:/IndependentStudy/IndieStudyFall2018/Content/StarterContent/Textures/T_TableRound_M.uasset"
[2018.10.23-17.25.14:351][  0]LogPackFactory: Copied "../../../Samples/StarterContent/Content/StarterContent/Textures/T_TableRound_N.uasset" to "D:/IndependentStudy/IndieStudyFall2018/Content/StarterContent/Textures/T_TableRound_N.uasset"
[2018.10.23-17.25.14:364][  0]LogPackFactory: Copied "../../../Samples/StarterContent/Content/StarterContent/Textures/T_Tech_Dot_M.uasset" to "D:/IndependentStudy/IndieStudyFall2018/Content/StarterContent/Textures/T_Tech_Dot_M.uasset"
[2018.10.23-17.25.14:381][  0]LogPackFactory: Copied "../../../Samples/StarterContent/Content/StarterContent/Textures/T_Tech_Dot_N.uasset" to "D:/IndependentStudy/IndieStudyFall2018/Content/StarterContent/Textures/T_Tech_Dot_N.uasset"
[2018.10.23-17.25.14:399][  0]LogPackFactory: Copied "../../../Samples/StarterContent/Content/StarterContent/Textures/T_Tech_Hex_Tile_M.uasset" to "D:/IndependentStudy/IndieStudyFall2018/Content/StarterContent/Textures/T_Tech_Hex_Tile_M.uasset"
[2018.10.23-17.25.14:426][  0]LogPackFactory: Copied "../../../Samples/StarterContent/Content/StarterContent/Textures/T_Tech_Hex_Tile_N.uasset" to "D:/IndependentStudy/IndieStudyFall2018/Content/StarterContent/Textures/T_Tech_Hex_Tile_N.uasset"
[2018.10.23-17.25.14:445][  0]LogPackFactory: Copied "../../../Samples/StarterContent/Content/StarterContent/Textures/T_Tech_Panel_M.uasset" to "D:/IndependentStudy/IndieStudyFall2018/Content/StarterContent/Textures/T_Tech_Panel_M.uasset"
[2018.10.23-17.25.14:463][  0]LogPackFactory: Copied "../../../Samples/StarterContent/Content/StarterContent/Textures/T_Tech_Panel_N.uasset" to "D:/IndependentStudy/IndieStudyFall2018/Content/StarterContent/Textures/T_Tech_Panel_N.uasset"
[2018.10.23-17.25.14:481][  0]LogPackFactory: Copied "../../../Samples/StarterContent/Content/StarterContent/Textures/T_Water_M.uasset" to "D:/IndependentStudy/IndieStudyFall2018/Content/StarterContent/Textures/T_Water_M.uasset"
[2018.10.23-17.25.14:504][  0]LogPackFactory: Copied "../../../Samples/StarterContent/Content/StarterContent/Textures/T_Water_N.uasset" to "D:/IndependentStudy/IndieStudyFall2018/Content/StarterContent/Textures/T_Water_N.uasset"
[2018.10.23-17.25.14:530][  0]LogPackFactory: Copied "../../../Samples/StarterContent/Content/StarterContent/Textures/T_Wood_Floor_Walnut_D.uasset" to "D:/IndependentStudy/IndieStudyFall2018/Content/StarterContent/Textures/T_Wood_Floor_Walnut_D.uasset"
[2018.10.23-17.25.14:557][  0]LogPackFactory: Copied "../../../Samples/StarterContent/Content/StarterContent/Textures/T_Wood_Floor_Walnut_M.uasset" to "D:/IndependentStudy/IndieStudyFall2018/Content/StarterContent/Textures/T_Wood_Floor_Walnut_M.uasset"
[2018.10.23-17.25.14:581][  0]LogPackFactory: Copied "../../../Samples/StarterContent/Content/StarterContent/Textures/T_Wood_Floor_Walnut_N.uasset" to "D:/IndependentStudy/IndieStudyFall2018/Content/StarterContent/Textures/T_Wood_Floor_Walnut_N.uasset"
[2018.10.23-17.25.14:613][  0]LogPackFactory: Copied "../../../Samples/StarterContent/Content/StarterContent/Textures/T_Wood_Oak_D.uasset" to "D:/IndependentStudy/IndieStudyFall2018/Content/StarterContent/Textures/T_Wood_Oak_D.uasset"
[2018.10.23-17.25.14:641][  0]LogPackFactory: Copied "../../../Samples/StarterContent/Content/StarterContent/Textures/T_Wood_Oak_N.uasset" to "D:/IndependentStudy/IndieStudyFall2018/Content/StarterContent/Textures/T_Wood_Oak_N.uasset"
[2018.10.23-17.25.14:678][  0]LogPackFactory: Copied "../../../Samples/StarterContent/Content/StarterContent/Textures/T_Wood_Pine_D.uasset" to "D:/IndependentStudy/IndieStudyFall2018/Content/StarterContent/Textures/T_Wood_Pine_D.uasset"
[2018.10.23-17.25.14:702][  0]LogPackFactory: Copied "../../../Samples/StarterContent/Content/StarterContent/Textures/T_Wood_Pine_N.uasset" to "D:/IndependentStudy/IndieStudyFall2018/Content/StarterContent/Textures/T_Wood_Pine_N.uasset"
[2018.10.23-17.25.14:731][  0]LogPackFactory: Copied "../../../Samples/StarterContent/Content/StarterContent/Textures/T_Wood_Walnut_D.uasset" to "D:/IndependentStudy/IndieStudyFall2018/Content/StarterContent/Textures/T_Wood_Walnut_D.uasset"
[2018.10.23-17.25.14:752][  0]LogPackFactory: Copied "../../../Samples/StarterContent/Content/StarterContent/Textures/T_Wood_Walnut_N.uasset" to "D:/IndependentStudy/IndieStudyFall2018/Content/StarterContent/Textures/T_Wood_Walnut_N.uasset"
[2018.10.23-17.25.14:886][  0]LogRenderer: Reallocating scene render targets to support 256x256 Format 10 NumSamples 1 (Frame:1).
[2018.10.23-17.25.15:002][  0]Cmd: OBJ SAVEPACKAGE PACKAGE="/Game/StarterContent/Architecture/Floor_400x400" FILE="D:/IndependentStudy/IndieStudyFall2018/Content/StarterContent/Architecture/Floor_400x400.uasset" SILENT=true
[2018.10.23-17.25.15:101][  0]LogSavePackage: Moving 'D:/IndependentStudy/IndieStudyFall2018/Saved/Floor_400x400E3DBB1094C1A497F1295DF94B9B766AA.tmp' to 'D:/IndependentStudy/IndieStudyFall2018/Content/StarterContent/Architecture/Floor_400x400.uasset'
[2018.10.23-17.25.15:115][  0]LogFeaturePack: Warning: Inserted 1 feature packs
[2018.10.23-17.25.15:122][  0]Cmd: MAP LOAD FILE="D:/IndependentStudy/IndieStudyFall2018/Content/ThirdPersonBP/Maps/ThirdPersonExampleMap.umap" TEMPLATE=0 SHOWPROGRESS=1 FEATURELEVEL=3
[2018.10.23-17.25.15:123][  0]LightingResults: New page: Lighting Build
[2018.10.23-17.25.15:137][  0]MapCheck: New page: Map Check
[2018.10.23-17.25.15:137][  0]LightingResults: New page: Lighting Build
[2018.10.23-17.25.15:933][  0]LogAIModule: Creating AISystem for world ThirdPersonExampleMap
[2018.10.23-17.25.15:983][  0]LogEditorServer: Finished looking for orphan Actors (0.000 secs)
[2018.10.23-17.25.16:071][  0]Cmd: MAP CHECKDEP NOCLEARLOG
[2018.10.23-17.25.16:167][  0]MapCheck: Map check complete: 0 Error(s), 0 Warning(s), took 96.721ms to complete.
[2018.10.23-17.25.16:168][  0]LogFileHelpers: Loading map 'ThirdPersonExampleMap' took 1.047
[2018.10.23-17.25.16:371][  0]LogSlate: Updating window title bar state: overlay mode, drag disabled, window buttons hidden, title bar hidden
[2018.10.23-17.25.16:380][  0]LogSlate: Updating window title bar state: overlay mode, drag disabled, window buttons hidden, title bar hidden
[2018.10.23-17.25.16:388][  0]LogSlate: Updating window title bar state: overlay mode, drag disabled, window buttons hidden, title bar hidden
[2018.10.23-17.25.16:397][  0]LogSlate: Updating window title bar state: overlay mode, drag disabled, window buttons hidden, title bar hidden
[2018.10.23-17.25.16:434][  0]LogCollectionManager: Loaded 0 collections in 0.002149 seconds
[2018.10.23-17.25.16:499][  0]LogFileCache: Scanning file cache for directory 'D:/IndependentStudy/IndieStudyFall2018/Saved/Collections/' took 0.01s
[2018.10.23-17.25.16:499][  0]LogFileCache: Scanning file cache for directory 'D:/IndependentStudy/IndieStudyFall2018/Content/Developers/saxop/Collections/' took 0.01s
[2018.10.23-17.25.16:499][  0]LogFileCache: Scanning file cache for directory 'D:/IndependentStudy/IndieStudyFall2018/Content/Collections/' took 0.01s
[2018.10.23-17.25.16:499][  0]LogCollectionManager: Rebuilt the GUID cache for 0 collections in 0.000001 seconds
[2018.10.23-17.25.16:513][  0]LogContentBrowser: Native class hierarchy populated in 0.0133 seconds. Added 2572 classes and 603 folders.
[2018.10.23-17.25.16:528][  0]LogContentBrowser: Native class hierarchy updated for 'WidgetCarousel' in 0.0004 seconds. Added 0 classes and 0 folders.
[2018.10.23-17.25.16:980][  0]LogContentBrowser: Native class hierarchy updated for 'AddContentDialog' in 0.0003 seconds. Added 0 classes and 0 folders.
[2018.10.23-17.25.17:010][  0]LogContentBrowser: Native class hierarchy updated for 'SceneOutliner' in 0.0005 seconds. Added 1 classes and 2 folders.
[2018.10.23-17.25.17:194][  0]LogSlate: Took 0.006562 seconds to synchronously load lazily loaded font '../../../Engine/Content/Slate/Fonts/Roboto-Regular.ttf' (155K)
[2018.10.23-17.25.17:204][  0]LogSlate: Took 0.005937 seconds to synchronously load lazily loaded font '../../../Engine/Content/Slate/Fonts/Roboto-Bold.ttf' (160K)
[2018.10.23-17.25.17:219][  0]LogSlate: Took 0.009372 seconds to synchronously load lazily loaded font '../../../Engine/Content/Editor/Slate/Fonts/FontAwesome.ttf' (139K)
[2018.10.23-17.25.17:323][  0]LogRenderer: Reallocating scene render targets to support 1208x516 Format 10 NumSamples 1 (Frame:1).
[2018.10.23-17.25.17:409][  0]LogSlate: Took 0.006104 seconds to synchronously load lazily loaded font '../../../Engine/Content/Slate/Fonts/Roboto-Light.ttf' (167K)
[2018.10.23-17.25.17:578][  0]LogContentBrowser: Native class hierarchy updated for 'HierarchicalLODOutliner' in 0.0004 seconds. Added 0 classes and 0 folders.
[2018.10.23-17.25.17:578][  0]LogLoad: (Engine Initialization) Total time: 46.48 seconds
[2018.10.23-17.25.17:578][  0]LogLoad: (Engine Initialization) Total Blueprint compile time: 0.00 seconds
[2018.10.23-17.25.17:824][  0]LogContentStreaming: Texture pool size now 1000 MB
[2018.10.23-17.25.17:894][  1]LogAssetRegistry: Asset discovery search completed in 23.3999 seconds
[2018.10.23-17.25.17:898][  1]LogCollectionManager: Rebuilt the object cache for 0 collections in 0.000000 seconds (found 0 objects)
[2018.10.23-17.25.17:898][  1]LogCollectionManager: Fixed up redirectors for 0 collections in 0.000556 seconds (updated 0 objects)
