Log file open, 10/25/18 15:10:08
LogWindows: Failed to load 'aqProf.dll' (GetLastError=126)
LogWindows: File 'aqProf.dll' does not exist
LogWindows: Failed to load 'VSPerf140.dll' (GetLastError=126)
LogWindows: File 'VSPerf140.dll' does not exist
LogWindows: Failed to load 'VtuneApi.dll' (GetLastError=126)
LogWindows: File 'VtuneApi.dll' does not exist
LogWindows: Failed to load 'VtuneApi32e.dll' (GetLastError=126)
LogWindows: File 'VtuneApi32e.dll' does not exist
LogInit: Display: Running engine for game: Project
LogPlatformFile: Not using cached read wrapper
LogTaskGraph: Started task graph with 5 named threads and 47 total threads with 3 sets of task threads.
LogStats: Stats thread started at 0.650076
LogD3D11RHI: Loaded GFSDK_Aftermath_Lib.x64.dll
LogICUInternationalization: Display: ICU TimeZone Detection - Raw Offset: -5:00, Platform Override: ''
LogPluginManager: Mounting plugin Paper2D
LogPluginManager: Mounting plugin AISupport
LogPluginManager: Mounting plugin LightPropagationVolume
LogPluginManager: Mounting plugin CLionSourceCodeAccess
LogPluginManager: Mounting plugin CodeLiteSourceCodeAccess
LogPluginManager: Mounting plugin GitSourceControl
LogPluginManager: Mounting plugin KDevelopSourceCodeAccess
LogPluginManager: Mounting plugin NullSourceCodeAccess
LogPluginManager: Mounting plugin PerforceSourceControl
LogPluginManager: Mounting plugin SubversionSourceControl
LogPluginManager: Mounting plugin UObjectPlugin
LogPluginManager: Mounting plugin VisualStudioCodeSourceCodeAccess
LogPluginManager: Mounting plugin VisualStudioSourceCodeAccess
LogPluginManager: Mounting plugin XCodeSourceCodeAccess
LogPluginManager: Mounting plugin AssetManagerEditor
LogPluginManager: Mounting plugin CryptoKeys
LogPluginManager: Mounting plugin DataValidation
LogPluginManager: Mounting plugin FacialAnimation
LogPluginManager: Mounting plugin GameplayTagsEditor
LogPluginManager: Mounting plugin MacGraphicsSwitching
LogPluginManager: Mounting plugin MeshEditor
LogPluginManager: Mounting plugin MobileLauncherProfileWizard
LogPluginManager: Mounting plugin PluginBrowser
LogPluginManager: Mounting plugin SpeedTreeImporter
LogPluginManager: Mounting plugin DatasmithContent
LogPluginManager: Mounting plugin AlembicImporter
LogPluginManager: Mounting plugin AppleImageUtils
LogPluginManager: Mounting plugin AppleVision
LogPluginManager: Mounting plugin BackChannel
LogPluginManager: Mounting plugin CharacterAI
LogPluginManager: Mounting plugin GeometryCache
LogPluginManager: Mounting plugin HTML5Networking
LogPluginManager: Mounting plugin ProxyLODPlugin
LogPluginManager: Mounting plugin MagicLeap
LogPluginManager: Mounting plugin MagicLeapEmulator
LogPluginManager: Mounting plugin MagicLeapMedia
LogPluginManager: Mounting plugin AndroidMedia
LogPluginManager: Mounting plugin AvfMedia
LogPluginManager: Mounting plugin ImgMedia
LogPluginManager: Mounting plugin LinearTimecode
LogPluginManager: Mounting plugin MediaCompositing
LogPluginManager: Mounting plugin MediaPlayerEditor
LogPluginManager: Mounting plugin WmfMedia
LogPluginManager: Mounting plugin TcpMessaging
LogPluginManager: Mounting plugin UdpMessaging
LogPluginManager: Mounting plugin ActorSequence
LogPluginManager: Mounting plugin LevelSequenceEditor
LogPluginManager: Mounting plugin MatineeToLevelSequence
LogPluginManager: Mounting plugin NetcodeUnitTest
LogPluginManager: Mounting plugin NUTUnrealEngine4
LogPluginManager: Mounting plugin OnlineSubsystemGooglePlay
LogPluginManager: Mounting plugin OnlineSubsystemIOS
LogPluginManager: Mounting plugin OnlineSubsystem
LogPluginManager: Mounting plugin OnlineSubsystemNull
LogPluginManager: Mounting plugin OnlineSubsystemUtils
LogPluginManager: Mounting plugin LauncherChunkInstaller
LogPluginManager: Mounting plugin AndroidDeviceProfileSelector
LogPluginManager: Mounting plugin AndroidMoviePlayer
LogPluginManager: Mounting plugin AndroidPermission
LogPluginManager: Mounting plugin AppleMoviePlayer
LogPluginManager: Mounting plugin ArchVisCharacter
LogPluginManager: Mounting plugin AudioCapture
LogPluginManager: Mounting plugin CableComponent
LogPluginManager: Mounting plugin CustomMeshComponent
LogPluginManager: Mounting plugin EditableMesh
LogPluginManager: Mounting plugin ExampleDeviceProfileSelector
LogPluginManager: Mounting plugin GoogleCloudMessaging
LogPluginManager: Mounting plugin ImmediatePhysics
LogPluginManager: Mounting plugin IOSDeviceProfileSelector
LogPluginManager: Mounting plugin LinuxDeviceProfileSelector
LogPluginManager: Mounting plugin LocationServicesBPLibrary
LogPluginManager: Mounting plugin MobilePatchingUtils
LogPluginManager: Mounting plugin OculusVR
LogPluginManager: Plugin shader directory ../../../Engine/Plugins/Runtime/Oculus/OculusVR/Shaders found
LogPluginManager: Mapping shader source directory ../../../Engine/Plugins/Runtime/Oculus/OculusVR/Shaders to virtual directory /Plugin/OculusVR
LogPluginManager: Mounting plugin PhysXVehicles
LogPluginManager: Mounting plugin ProceduralMeshComponent
LogPluginManager: Mounting plugin RuntimePhysXCooking
LogPluginManager: Mounting plugin SteamVR
LogPluginManager: Mounting plugin WindowsMoviePlayer
LogStreaming: Display: Took  0.245s to configure plugins.
LogInit: Using libcurl 7.55.1-DEV
LogInit:  - built for x86_64-pc-win32
LogInit:  - supports SSL with OpenSSL/1.0.2h
LogInit:  - supports HTTP deflate (compression) using libz 1.2.8
LogInit:  - other features:
LogInit:      CURL_VERSION_SSL
LogInit:      CURL_VERSION_LIBZ
LogInit:      CURL_VERSION_IPV6
LogInit:      CURL_VERSION_ASYNCHDNS
LogInit:      CURL_VERSION_LARGEFILE
LogInit:      CURL_VERSION_IDN
LogInit:  CurlRequestOptions (configurable via config and command line):
LogInit:  - bVerifyPeer = false  - Libcurl will NOT verify peer certificate
LogInit:  - bUseHttpProxy = false  - Libcurl will NOT use HTTP proxy
LogInit:  - bDontReuseConnections = false  - Libcurl will reuse connections
LogInit:  - CertBundlePath = nullptr  - Libcurl will use whatever was configured at build time.
LogInit:  - MaxHostConnections = 16  - Libcurl will limit the number of connections to a host
LogInit:  - LocalHostAddr = Default
LogInit:  - BufferSize = 65536
LogInit: WinSock: version 1.1 (2.2), MaxSocks=32767, MaxUdp=65467
LogInit: Build: ++UE4+Release-4.20-CL-4369336
LogInit: Engine Version: 4.20.3-4369336+++UE4+Release-4.20
LogInit: Compatible Engine Version: 4.20.0-4212847+++UE4+Release-4.20
LogInit: Net CL: 4212847
LogInit: OS: Windows 10 (), CPU: AMD Ryzen 7 2700 Eight-Core Processor          , GPU: NVIDIA GeForce GTX 1060 6GB
LogInit: Compiled (64-bit): Sep 17 2018 12:26:19
LogInit: Compiled with Visual C++: 19.13.26129.00
LogInit: Build Configuration: Development
LogInit: Branch Name: ++UE4+Release-4.20
LogInit: Command Line:  
LogInit: Base Directory: C:/Program Files/Epic Games/UE_4.20/Engine/Binaries/Win64/
LogInit: Installed Engine Build: 1
LogDevObjectVersion: Number of dev versions registered: 20
LogDevObjectVersion:   Dev-Blueprints (B0D832E4-1F89-4F0D-ACCF-7EB736FD4AA2): 10
LogDevObjectVersion:   Dev-Build (E1C64328-A22C-4D53-A36C-8E866417BD8C): 0
LogDevObjectVersion:   Dev-Core (375EC13C-06E4-48FB-B500-84F0262A717E): 2
LogDevObjectVersion:   Dev-Editor (E4B068ED-F494-42E9-A231-DA0B2E46BB41): 24
LogDevObjectVersion:   Dev-Framework (CFFC743F-43B0-4480-9391-14DF171D2073): 34
LogDevObjectVersion:   Dev-Mobile (B02B49B5-BB20-44E9-A304-32B752E40360): 2
LogDevObjectVersion:   Dev-Networking (A4E4105C-59A1-49B5-A7C5-40C4547EDFEE): 0
LogDevObjectVersion:   Dev-Online (39C831C9-5AE6-47DC-9A44-9C173E1C8E7C): 0
LogDevObjectVersion:   Dev-Physics (78F01B33-EBEA-4F98-B9B4-84EACCB95AA2): 0
LogDevObjectVersion:   Dev-Platform (6631380F-2D4D-43E0-8009-CF276956A95A): 0
LogDevObjectVersion:   Dev-Rendering (12F88B9F-8875-4AFC-A67C-D90C383ABD29): 26
LogDevObjectVersion:   Dev-Sequencer (7B5AE74C-D270-4C10-A958-57980B212A5A): 9
LogDevObjectVersion:   Dev-VR (D7296918-1DD6-4BDD-9DE2-64A83CC13884): 2
LogDevObjectVersion:   Dev-LoadTimes (C2A15278-BFE7-4AFE-6C17-90FF531DF755): 1
LogDevObjectVersion:   Private-Geometry (6EACA3D4-40EC-4CC1-B786-8BED09428FC5): 3
LogDevObjectVersion:   Dev-AnimPhys (29E575DD-E0A3-4627-9D10-D276232CDCEA): 17
LogDevObjectVersion:   Dev-ReflectionCapture (6B266CEC-1EC7-4B8F-A30B-E4D90942FC07): 1
LogDevObjectVersion:   Dev-Automation (0DF73D61-A23F-47EA-B727-89E90C41499A): 1
LogDevObjectVersion:   FortniteMain (601D1886-AC64-4F84-AA16-D3DE0DEAC7D6): 12
LogDevObjectVersion:   Dev-Enterprise (9DFFBCD6-494F-0158-E221-12823C92A888): 1
LogStreaming: Display: Took  0.000s to delete old logs.
LogInit: Presizing for max 8388607 objects, including 0 objects not considered by GC, pre-allocating 0 bytes for permanent pool.
LogInit: Object subsystem initialized
[2018.10.25-19.10.10:015][  0]LogInit: Selected Device Profile: [Windows]
[2018.10.25-19.10.10:015][  0]LogInit: Applying CVar settings loaded from the selected device profile: [Windows]
[2018.10.25-19.10.10:059][  0]LogHAL: Display: Platform has ~ 16 GB [17128628224 / 17179869184 / 16], which maps to Larger [LargestMinGB=32, LargerMinGB=12, DefaultMinGB=8, SmallerMinGB=6, SmallestMinGB=0)
[2018.10.25-19.10.10:059][  0]LogInit: Setting Device Profile CVar: [[r.Vulkan.UseRealUBs:1]]
[2018.10.25-19.10.10:059][  0]LogInit: Going up to parent DeviceProfile []
[2018.10.25-19.10.10:064][  0]LogInit: Computer: MONSTEROFMIDWAY
[2018.10.25-19.10.10:064][  0]LogInit: User: saxop
[2018.10.25-19.10.10:064][  0]LogInit: CPU Page size=4096, Cores=8
[2018.10.25-19.10.10:064][  0]LogInit: High frequency timer resolution =3.119139 MHz
[2018.10.25-19.10.10:065][  0]LogMemory: Memory total: Physical=16.0GB (16GB approx)
[2018.10.25-19.10.10:065][  0]LogMemory: Platform Memory Stats for Windows
[2018.10.25-19.10.10:065][  0]LogMemory: Process Physical Memory: 100.88 MB used, 100.88 MB peak
[2018.10.25-19.10.10:065][  0]LogMemory: Process Virtual Memory: 92.63 MB used, 92.63 MB peak
[2018.10.25-19.10.10:065][  0]LogMemory: Physical Memory: 6903.80 MB used,  9431.33 MB free, 16335.13 MB total
[2018.10.25-19.10.10:065][  0]LogMemory: Virtual Memory: 4679.65 MB used,  9431.33 MB free, 134217728.00 MB total
[2018.10.25-19.10.10:277][  0]LogInit: Using OS detected language (en-US).
[2018.10.25-19.10.10:277][  0]LogInit: Using OS detected locale (en-US).
[2018.10.25-19.10.10:279][  0]LogTextLocalizationManager: No specific localization for 'en-US' exists, so the 'en' localization will be used.
[2018.10.25-19.10.10:710][  0]LogStreaming: Display: Took  0.433s to InitEngineTextLocalization.
[2018.10.25-19.10.10:710][  0]LogInit: Setting process to per monitor DPI aware
[2018.10.25-19.10.10:798][  0]LogSlate: New Slate User Created.  User Index 0, Is Virtual User: 0
[2018.10.25-19.10.10:798][  0]LogSlate: Slate User Registered.  User Index 0, Is Virtual User: 0
[2018.10.25-19.10.16:160][  0]LogD3D11RHI: D3D11 adapters:
[2018.10.25-19.10.16:236][  0]LogD3D11RHI:    0. 'NVIDIA GeForce GTX 1060 6GB' (Feature Level 11_0)
[2018.10.25-19.10.16:236][  0]LogD3D11RHI:       6052/0/8167 MB DedicatedVideo/DedicatedSystem/SharedSystem, Outputs:2, VendorId:0x10de
[2018.10.25-19.10.16:238][  0]LogD3D11RHI:    1. 'Microsoft Basic Render Driver' (Feature Level 11_0)
[2018.10.25-19.10.16:238][  0]LogD3D11RHI:       0/0/8167 MB DedicatedVideo/DedicatedSystem/SharedSystem, Outputs:0, VendorId:0x1414
[2018.10.25-19.10.16:238][  0]LogD3D11RHI: Chosen D3D11 Adapter: 0
[2018.10.25-19.10.16:248][  0]LogD3D11RHI: Creating new Direct3DDevice
[2018.10.25-19.10.16:248][  0]LogD3D11RHI:     GPU DeviceId: 0x1c03 (for the marketing name, search the web for "GPU Device Id")
[2018.10.25-19.10.16:248][  0]LogWindows: EnumDisplayDevices:
[2018.10.25-19.10.16:248][  0]LogWindows:    0. 'NVIDIA GeForce GTX 1060 6GB' (P:0 D:1)
[2018.10.25-19.10.16:248][  0]LogWindows:    1. 'NVIDIA GeForce GTX 1060 6GB' (P:1 D:1)
[2018.10.25-19.10.16:249][  0]LogWindows:    2. 'NVIDIA GeForce GTX 1060 6GB' (P:0 D:0)
[2018.10.25-19.10.16:249][  0]LogWindows:    3. 'NVIDIA GeForce GTX 1060 6GB' (P:0 D:0)
[2018.10.25-19.10.16:249][  0]LogWindows: DebugString: FoundDriverCount:4 
[2018.10.25-19.10.16:249][  0]LogD3D11RHI:     Adapter Name: NVIDIA GeForce GTX 1060 6GB
[2018.10.25-19.10.16:249][  0]LogD3D11RHI:   Driver Version: 391.35 (internal:23.21.13.9135, unified:391.35)
[2018.10.25-19.10.16:249][  0]LogD3D11RHI:      Driver Date: 3-23-2018
[2018.10.25-19.10.16:249][  0]LogRHI: Texture pool is 4236 MB (70% of 6052 MB)
[2018.10.25-19.10.16:308][  0]LogD3D11RHI: Async texture creation enabled
[2018.10.25-19.10.16:348][  0]LogD3D11RHI: GPU Timing Frequency: 1000.000000 (Debug: 2 2)
[2018.10.25-19.10.16:525][  0]LogShaderCompilers: Guid format shader working directory is 8 characters bigger than the processId version (D:/IndependentStudy/IndieStudyFall2018/Intermediate/Shaders/WorkingDirectory/7484/).
[2018.10.25-19.10.16:525][  0]LogShaderCompilers: Cleaned the shader compiler working directory 'C:/Users/saxop/AppData/Local/Temp/UnrealShaderWorkingDir/3B228644434D4E78ADA1B5A68338980A/'.
[2018.10.25-19.10.17:963][  0]LogTemp: Display: Loaded TP AllDesktopTargetPlatform
[2018.10.25-19.10.18:001][  0]LogTemp: Display: Loaded TP MacClientTargetPlatform
[2018.10.25-19.10.18:041][  0]LogTemp: Display: Loaded TP MacNoEditorTargetPlatform
[2018.10.25-19.10.18:078][  0]LogTemp: Display: Loaded TP MacServerTargetPlatform
[2018.10.25-19.10.18:123][  0]LogTemp: Display: Loaded TP MacTargetPlatform
[2018.10.25-19.10.18:160][  0]LogTemp: Display: Loaded TP WindowsClientTargetPlatform
[2018.10.25-19.10.18:195][  0]LogTemp: Display: Loaded TP WindowsNoEditorTargetPlatform
[2018.10.25-19.10.18:236][  0]LogTemp: Display: Loaded TP WindowsServerTargetPlatform
[2018.10.25-19.10.18:268][  0]LogTemp: Display: Loaded TP WindowsTargetPlatform
[2018.10.25-19.10.18:410][  0]LogTemp: Display: Loaded TP AndroidTargetPlatform
[2018.10.25-19.10.18:410][  0]LogTemp: Display: Loaded TP AndroidTargetPlatform
[2018.10.25-19.10.18:410][  0]LogTemp: Display: Loaded TP AndroidTargetPlatform
[2018.10.25-19.10.18:410][  0]LogTemp: Display: Loaded TP AndroidTargetPlatform
[2018.10.25-19.10.18:410][  0]LogTemp: Display: Loaded TP AndroidTargetPlatform
[2018.10.25-19.10.18:410][  0]LogTemp: Display: Loaded TP AndroidTargetPlatform
[2018.10.25-19.10.18:410][  0]LogTemp: Display: Loaded TP AndroidTargetPlatform
[2018.10.25-19.10.18:410][  0]LogTemp: Display: Loaded TP AndroidTargetPlatform
[2018.10.25-19.10.18:410][  0]LogTemp: Display: Loaded TP AndroidTargetPlatform
[2018.10.25-19.10.18:410][  0]LogTemp: Display: Loaded TP AndroidTargetPlatform
[2018.10.25-19.10.18:410][  0]LogTemp: Display: Loaded TP AndroidTargetPlatform
[2018.10.25-19.10.18:410][  0]LogTemp: Display: Loaded TP AndroidTargetPlatform
[2018.10.25-19.10.18:410][  0]LogTemp: Display: Loaded TP AndroidTargetPlatform
[2018.10.25-19.10.18:410][  0]LogTemp: Display: Loaded TP AndroidTargetPlatform
[2018.10.25-19.10.18:410][  0]LogTemp: Display: Loaded TP AndroidTargetPlatform
[2018.10.25-19.10.18:410][  0]LogTemp: Display: Loaded TP AndroidTargetPlatform
[2018.10.25-19.10.18:410][  0]LogTemp: Display: Loaded TP AndroidTargetPlatform
[2018.10.25-19.10.18:410][  0]LogTemp: Display: Loaded TP AndroidTargetPlatform
[2018.10.25-19.10.18:440][  0]LogTemp: Display: Loaded TP HTML5TargetPlatform
[2018.10.25-19.10.18:604][  0]LogTemp: Display: Loaded TP IOSTargetPlatform
[2018.10.25-19.10.18:604][  0]LogTemp: Display: Loaded TP IOSTargetPlatform
[2018.10.25-19.10.18:649][  0]LogTemp: Display: Loaded TP TVOSTargetPlatform
[2018.10.25-19.10.18:649][  0]LogTemp: Display: Loaded TP TVOSTargetPlatform
[2018.10.25-19.10.18:689][  0]LogTemp: Display: Loaded TP LinuxClientTargetPlatform
[2018.10.25-19.10.18:724][  0]LogTemp: Display: Loaded TP LinuxNoEditorTargetPlatform
[2018.10.25-19.10.18:762][  0]LogTemp: Display: Loaded TP LinuxServerTargetPlatform
[2018.10.25-19.10.18:813][  0]LogTemp: Display: Loaded TP LinuxTargetPlatform
[2018.10.25-19.10.18:847][  0]LogTemp: Display: Loaded TP LuminTargetPlatform
[2018.10.25-19.10.18:848][  0]LogTargetPlatformManager: Display: Building Assets For Windows
[2018.10.25-19.10.19:384][  0]LogXGEController: Cleaning working directory: C:/Users/saxop/AppData/Local/Temp/UnrealXGEWorkingDir/
[2018.10.25-19.10.19:384][  0]LogXGEController: Cannot use XGE Controller as Incredibuild is not installed on this machine.
[2018.10.25-19.10.19:384][  0]LogShaderCompilers: Cannot use XGE Shader Compiler as Incredibuild is not installed on this machine.
[2018.10.25-19.10.19:384][  0]LogShaderCompilers: Display: Using Local Shader Compiler.
[2018.10.25-19.10.21:670][  0]LogDerivedDataCache: Display: Max Cache Size: 512 MB
[2018.10.25-19.10.21:962][  0]LogDerivedDataCache: Loaded boot cache 0.29s 77MB C:/Users/saxop/AppData/Local/UnrealEngine/4.20/DerivedDataCache/Boot.ddc.
[2018.10.25-19.10.21:962][  0]LogDerivedDataCache: Display: Loaded Boot cache: C:/Users/saxop/AppData/Local/UnrealEngine/4.20/DerivedDataCache/Boot.ddc
[2018.10.25-19.10.21:962][  0]LogDerivedDataCache: FDerivedDataBackendGraph:  Pak pak cache file D:/IndependentStudy/IndieStudyFall2018/DerivedDataCache/DDC.ddp not found, will not use a pak cache.
[2018.10.25-19.10.21:962][  0]LogDerivedDataCache: Unable to find inner node Pak for hierarchical cache Hierarchy.
[2018.10.25-19.10.21:962][  0]LogDerivedDataCache: FDerivedDataBackendGraph:  CompressedPak pak cache file D:/IndependentStudy/IndieStudyFall2018/DerivedDataCache/Compressed.ddp not found, will not use a pak cache.
[2018.10.25-19.10.21:962][  0]LogDerivedDataCache: Unable to find inner node CompressedPak for hierarchical cache Hierarchy.
[2018.10.25-19.10.21:984][  0]LogDerivedDataCache: Display: Pak cache opened for reading ../../../Engine/DerivedDataCache/Compressed.ddp.
[2018.10.25-19.10.21:997][  0]LogDerivedDataCache: Using Local data cache path C:/Users/saxop/AppData/Local/UnrealEngine/Common/DerivedDataCache: Writable
[2018.10.25-19.10.21:997][  0]LogDerivedDataCache: Shared data cache path not found in *engine.ini, will not use an Shared cache.
[2018.10.25-19.10.21:997][  0]LogDerivedDataCache: Unable to find inner node Shared for hierarchical cache Hierarchy.
[2018.10.25-19.10.22:017][  0]LogMaterial: Verifying Global Shaders for PCD3D_SM5
[2018.10.25-19.10.22:018][  0]LogSlate: Using FreeType 2.6.0
[2018.10.25-19.10.22:030][  0]LogSlate: SlateFontServices - WITH_FREETYPE: 1, WITH_HARFBUZZ: 1
[2018.10.25-19.10.22:327][  0]LogAssetRegistry: FAssetRegistry took 0.0278 seconds to start up
[2018.10.25-19.10.22:721][  0]LogInit: Selected Device Profile: [Windows]
[2018.10.25-19.10.23:117][  0]LogSimplygon: Simplygon DLL not present - disabling.
[2018.10.25-19.10.23:230][  0]LogMeshReduction: Using SimplygonSwarm for distributed automatic mesh merging
[2018.10.25-19.10.23:230][  0]LogMeshReduction: Using ProxyLODMeshReduction for automatic mesh merging
[2018.10.25-19.10.23:230][  0]LogMeshReduction: Using QuadricMeshReduction for automatic static mesh reduction
[2018.10.25-19.10.23:230][  0]LogMeshReduction: No automatic skeletal mesh reduction module available
[2018.10.25-19.10.23:279][  0]LogNetVersion: Project 1.0.0, NetCL: 4212847, EngineNetVer: 5, GameNetVer: 0 (Checksum: 1790082038)
[2018.10.25-19.10.24:620][  0]LogPackageLocalizationCache: Processed 11 localized package path(s) for 2 prioritized culture(s) in 0.190798 seconds
[2018.10.25-19.10.24:629][  0]LogUObjectArray: 38425 objects as part of root set at end of initial load.
[2018.10.25-19.10.24:629][  0]LogUObjectAllocator: 6690864 out of 0 bytes used by permanent object pool.
[2018.10.25-19.10.24:629][  0]LogUObjectArray: CloseDisregardForGC: 0/0 objects in disregard for GC pool
[2018.10.25-19.10.28:962][  0]LogTcpMessaging: Initializing TcpMessaging bridge
[2018.10.25-19.10.28:995][  0]LogUdpMessaging: Initializing bridge on interface 0.0.0.0:0 to multicast group 230.0.0.1:6666.
[2018.10.25-19.10.29:569][  0]SourceControl: Source control is disabled
[2018.10.25-19.10.29:570][  0]SourceControl: Source control is disabled
[2018.10.25-19.10.29:641][  0]SourceControl: Source control is disabled
[2018.10.25-19.10.29:662][  0]SourceControl: Source control is disabled
[2018.10.25-19.10.30:692][  0]LogAndroidPermission: UAndroidPermissionCallbackProxy::GetInstance
[2018.10.25-19.10.30:969][  0]LogOcInput: OculusInput pre-init called
[2018.10.25-19.10.31:174][  0]LogEngine: Initializing Engine...
[2018.10.25-19.10.31:252][  0]LogHMD: SteamVR initialized.  Driver: lighthouse  Display: LHR-924F1DE3
[2018.10.25-19.10.31:255][  0]LogStats: UGameplayTagsManager::ConstructGameplayTagTree: ImportINI prefixes -  0.000 s
[2018.10.25-19.10.31:256][  0]LogStats: UGameplayTagsManager::ConstructGameplayTagTree: Construct from data asset -  0.000 s
[2018.10.25-19.10.31:256][  0]LogStats: UGameplayTagsManager::ConstructGameplayTagTree: ImportINI -  0.000 s
[2018.10.25-19.10.31:256][  0]LogStats: UGameplayTagsManager::ConstructGameplayTagTree: GameplayTagTreeChangedEvent.Broadcast -  0.000 s
[2018.10.25-19.10.31:775][  0]LogInit: Initializing FReadOnlyCVARCache
[2018.10.25-19.10.31:846][  0]LogAIModule: Creating AISystem for world Untitled
[2018.10.25-19.10.31:913][  0]LogInit: XAudio2 using 'Headset Earphone (2- Corsair VOID RGB Wireless Gaming Headset)' : 6 channels at 48 kHz using 16 bits per sample (channel mask 0x3f)
[2018.10.25-19.10.32:107][  0]LogInit: FAudioDevice initialized.
[2018.10.25-19.10.32:117][  0]LogNetVersion: Set ProjectVersion to 1.0.0.0. Version Checksum will be recalculated on next use.
[2018.10.25-19.10.32:204][  0]LogDerivedDataCache: Saved boot cache 0.09s 77MB C:/Users/saxop/AppData/Local/UnrealEngine/4.20/DerivedDataCache/Boot.ddc.
[2018.10.25-19.10.32:220][  0]LogInit: Texture streaming: Enabled
[2018.10.25-19.10.32:314][  0]LogEngineSessionManager: EngineSessionManager initialized
[2018.10.25-19.10.32:369][  0]LogInit: Transaction tracking system initialized
[2018.10.25-19.10.32:537][  0]BlueprintLog: New page: Editor Load
[2018.10.25-19.10.33:333][  0]LocalizationService: Localization service is disabled
[2018.10.25-19.10.34:251][  0]LogCook: Display: Max memory allowance for cook 16384mb min free memory 0mb
[2018.10.25-19.10.34:252][  0]LogCook: Display: Mobile HDR setting 1
[2018.10.25-19.10.34:252][  0]LogGameplayTags: Display: UGameplayTagsManager::DoneAddingNativeTags. DelegateIsBound: 0
[2018.10.25-19.10.34:252][  0]LogStats: UGameplayTagsManager::ConstructGameplayTagTree: ImportINI prefixes -  0.000 s
[2018.10.25-19.10.34:252][  0]LogStats: UGameplayTagsManager::ConstructGameplayTagTree: Construct from data asset -  0.000 s
[2018.10.25-19.10.34:253][  0]LogStats: UGameplayTagsManager::ConstructGameplayTagTree: ImportINI -  0.000 s
[2018.10.25-19.10.34:253][  0]LogStats: UGameplayTagsManager::ConstructGameplayTagTree: GameplayTagTreeChangedEvent.Broadcast -  0.000 s
[2018.10.25-19.10.35:005][  0]LogFileCache: Scanning file cache for directory 'D:/IndependentStudy/IndieStudyFall2018/Content/' took 0.02s
[2018.10.25-19.10.35:056][  0]SourceControl: Source control is disabled
[2018.10.25-19.10.35:057][  0]Cmd: MAP LOAD FILE="D:/IndependentStudy/IndieStudyFall2018/Content/ThirdPersonBP/Maps/ThirdPersonExampleMap.umap" TEMPLATE=0 SHOWPROGRESS=1 FEATURELEVEL=3
[2018.10.25-19.10.35:103][  0]LightingResults: New page: Lighting Build
[2018.10.25-19.10.35:114][  0]MapCheck: New page: Map Check
[2018.10.25-19.10.35:114][  0]LightingResults: New page: Lighting Build
[2018.10.25-19.10.36:394][  0]LogAIModule: Creating AISystem for world ThirdPersonExampleMap
[2018.10.25-19.10.36:442][  0]LogEditorServer: Finished looking for orphan Actors (0.000 secs)
[2018.10.25-19.10.36:484][  0]Cmd: MAP CHECKDEP NOCLEARLOG
[2018.10.25-19.10.36:558][  0]MapCheck: Map check complete: 0 Error(s), 0 Warning(s), took 73.572ms to complete.
[2018.10.25-19.10.36:558][  0]LogFileHelpers: Loading map 'ThirdPersonExampleMap' took 1.502
[2018.10.25-19.10.36:748][  0]LogSlate: Updating window title bar state: overlay mode, drag disabled, window buttons hidden, title bar hidden
[2018.10.25-19.10.36:757][  0]LogSlate: Updating window title bar state: overlay mode, drag disabled, window buttons hidden, title bar hidden
[2018.10.25-19.10.36:765][  0]LogSlate: Updating window title bar state: overlay mode, drag disabled, window buttons hidden, title bar hidden
[2018.10.25-19.10.36:773][  0]LogSlate: Updating window title bar state: overlay mode, drag disabled, window buttons hidden, title bar hidden
[2018.10.25-19.10.36:810][  0]LogCollectionManager: Loaded 0 collections in 0.001852 seconds
[2018.10.25-19.10.36:870][  0]LogFileCache: Scanning file cache for directory 'D:/IndependentStudy/IndieStudyFall2018/Saved/Collections/' took 0.01s
[2018.10.25-19.10.36:870][  0]LogFileCache: Scanning file cache for directory 'D:/IndependentStudy/IndieStudyFall2018/Content/Developers/saxop/Collections/' took 0.01s
[2018.10.25-19.10.36:870][  0]LogFileCache: Scanning file cache for directory 'D:/IndependentStudy/IndieStudyFall2018/Content/Collections/' took 0.01s
[2018.10.25-19.10.36:870][  0]LogCollectionManager: Rebuilt the GUID cache for 0 collections in 0.000000 seconds
[2018.10.25-19.10.36:883][  0]LogContentBrowser: Native class hierarchy populated in 0.0117 seconds. Added 2572 classes and 603 folders.
[2018.10.25-19.10.36:901][  0]LogContentBrowser: Native class hierarchy updated for 'WidgetCarousel' in 0.0003 seconds. Added 0 classes and 0 folders.
[2018.10.25-19.10.37:314][  0]LogContentBrowser: Native class hierarchy updated for 'AddContentDialog' in 0.0004 seconds. Added 0 classes and 0 folders.
[2018.10.25-19.10.37:359][  0]LogContentBrowser: Native class hierarchy updated for 'SceneOutliner' in 0.0004 seconds. Added 1 classes and 2 folders.
[2018.10.25-19.10.37:531][  0]LogSlate: Took 0.007144 seconds to synchronously load lazily loaded font '../../../Engine/Content/Slate/Fonts/Roboto-Regular.ttf' (155K)
[2018.10.25-19.10.37:540][  0]LogSlate: Took 0.005536 seconds to synchronously load lazily loaded font '../../../Engine/Content/Slate/Fonts/Roboto-Bold.ttf' (160K)
[2018.10.25-19.10.37:552][  0]LogSlate: Took 0.005136 seconds to synchronously load lazily loaded font '../../../Engine/Content/Editor/Slate/Fonts/FontAwesome.ttf' (139K)
[2018.10.25-19.10.37:702][  0]LogRenderer: Reallocating scene render targets to support 1208x516 Format 10 NumSamples 1 (Frame:1).
[2018.10.25-19.10.37:922][  0]LogContentBrowser: Native class hierarchy updated for 'HierarchicalLODOutliner' in 0.0004 seconds. Added 0 classes and 0 folders.
[2018.10.25-19.10.37:922][  0]LogLoad: (Engine Initialization) Total time: 33.21 seconds
[2018.10.25-19.10.37:922][  0]LogLoad: (Engine Initialization) Total Blueprint compile time: 0.00 seconds
[2018.10.25-19.10.37:998][  0]LogContentStreaming: Texture pool size now 1000 MB
[2018.10.25-19.10.38:054][  0]LogSlate: Took 0.006190 seconds to synchronously load lazily loaded font '../../../Engine/Content/Slate/Fonts/Roboto-Light.ttf' (167K)
[2018.10.25-19.10.38:126][  1]LogAssetRegistry: Asset discovery search completed in 15.8223 seconds
[2018.10.25-19.10.38:127][  1]LogCollectionManager: Rebuilt the object cache for 0 collections in 0.000000 seconds (found 0 objects)
[2018.10.25-19.10.38:128][  1]LogCollectionManager: Fixed up redirectors for 0 collections in 0.000081 seconds (updated 0 objects)
[2018.10.25-19.10.40:165][238]LogSlate: FSceneViewport::OnFocusLost() reason 0
[2018.10.25-19.11.24:194][253]LogSlate: Took 0.000194 seconds to synchronously load lazily loaded font '../../../Engine/Content/Slate/Fonts/Roboto-Light.ttf' (167K)
[2018.10.25-19.11.24:202][253]LogAssetEditorManager: Opening Asset editor for Blueprint /Game/ThirdPersonBP/Follower_AI_Controller.Follower_AI_Controller
[2018.10.25-19.11.24:919][253]LogContentBrowser: Native class hierarchy updated for 'BlueprintGraph' in 0.0009 seconds. Added 116 classes and 0 folders.
[2018.10.25-19.11.26:114][253]LogSlate: Took 0.004843 seconds to synchronously load lazily loaded font '../../../Engine/Content/Slate/Fonts/Roboto-BoldCondensed.ttf' (158K)
[2018.10.25-19.11.26:228][254]LogSlate: Took 0.004681 seconds to synchronously load lazily loaded font '../../../Engine/Content/Slate/Fonts/Roboto-Italic.ttf' (157K)
[2018.10.25-19.13.10:204][296]LogAssetEditorManager: Opening Asset editor for BlackboardData /Game/ThirdPersonBP/EnemyBB.EnemyBB
[2018.10.25-19.13.14:964][856]LogSlate: Window 'EnemyBB' being destroyed
[2018.10.25-19.13.14:967][856]LogSlate: Window 'EnemyBB' being destroyed
[2018.10.25-19.13.16:265][998]LogAssetEditorManager: Opening Asset editor for BehaviorTree /Game/ThirdPersonBP/EnemyBT.EnemyBT
[2018.10.25-19.13.23:050][799]LogSlate: Window 'EnemyBT' being destroyed
[2018.10.25-19.13.23:054][799]LogSlate: Window 'EnemyBT' being destroyed
[2018.10.25-19.13.53:000][460]LogAssetEditorManager: Opening Asset editor for BlackboardData /Game/ThirdPersonBP/EnemyBB.EnemyBB
[2018.10.25-19.14.05:414][934]LogSlate: Window 'EnemyBB' being destroyed
[2018.10.25-19.14.05:418][934]LogSlate: Window 'EnemyBB' being destroyed
[2018.10.25-19.14.06:591][ 71]LogAssetEditorManager: Opening Asset editor for BehaviorTree /Game/ThirdPersonBP/EnemyBT.EnemyBT
[2018.10.25-19.14.10:195][485]LogBehaviorTree: Warning: Blackboard asset (EnemyBB) has (EnemyBB) in parent chain! Clearing value to avoid cycle.
[2018.10.25-19.14.13:095][828]LogBehaviorTree: Warning: Blackboard asset (EnemyBB) has (EnemyBB) in parent chain! Clearing value to avoid cycle.
[2018.10.25-19.14.14:898][ 36]Cmd: OBJ SAVEPACKAGE PACKAGE="/Game/ThirdPersonBP/EnemyBB" FILE="D:/IndependentStudy/IndieStudyFall2018/Content/ThirdPersonBP/EnemyBB.uasset" SILENT=true
[2018.10.25-19.14.15:031][ 36]LogSavePackage: Moving 'D:/IndependentStudy/IndieStudyFall2018/Saved/EnemyBB06CFED144E6BE9CC549BBD93DFBB3862.tmp' to 'D:/IndependentStudy/IndieStudyFall2018/Content/ThirdPersonBP/EnemyBB.uasset'
[2018.10.25-19.15.25:854][263]LogBlueprint: Error: [Compiler AgroCheck] The type of  Array  is undetermined.  Connect something to  ForEachLoopWithBreak  to imply a specific type.
[2018.10.25-19.15.25:854][263]LogBlueprint: Error: [Compiler AgroCheck] The type of  Target Array  is undetermined.  Connect something to  Length  to imply a specific type.
[2018.10.25-19.15.25:857][263]LogBlueprint: Warning: [Compiler AgroCheck] [0321.14] Compile of AgroCheck failed. 2 Fatal Issue(s) 0 Warning(s) [in 7 ms] (/Game/ThirdPersonBP/AgroCheck.AgroCheck)
[2018.10.25-19.15.25:876][263]LogAssetEditorManager: Opening Asset editor for Blueprint /Game/ThirdPersonBP/AgroCheck.AgroCheck
[2018.10.25-19.16.43:365][868]LogD3D11RHI: Error: Result failed 
 at D:\Build\++UE4\Sync\Engine\Source\Runtime\Windows\D3D11RHI\Private\D3D11Viewport.cpp:304 
 with error DXGI_ERROR_DEVICE_REMOVED DXGI_ERROR_DEVICE_REMOVED
[2018.10.25-19.16.43:365][868]LogD3D11RHI: [Aftermath] GDynamicRHI=000001BEC5730100, GDX11NVAfterMathEnabled=0, Result=0xFFFFFFFF, bDeviceActive=0
[2018.10.25-19.16.43:365][868]LogWindows: Windows GetLastError: The operation completed successfully. (0)
[2018.10.25-19.16.47:197][868]LogWindows: Windows GetLastError: The operation completed successfully. (0)
[2018.10.25-19.16.47:197][868]LogWindows: Error: === Critical error: ===
[2018.10.25-19.16.47:197][868]LogWindows: Error: 
[2018.10.25-19.16.47:197][868]LogWindows: Error: Fatal error: [File:D:\Build\++UE4\Sync\Engine\Source\Runtime\RenderCore\Private\RenderingThread.cpp] [Line: 826] 
[2018.10.25-19.16.47:197][868]LogWindows: Error: Rendering thread exception:
[2018.10.25-19.16.47:197][868]LogWindows: Error: Fatal error: [File:D:\Build\++UE4\Sync\Engine\Source\Runtime\Windows\D3D11RHI\Private\D3D11Util.cpp] [Line: 200] 
[2018.10.25-19.16.47:197][868]LogWindows: Error: Unreal Engine is exiting due to D3D device being lost. (Error: 0x887A0005 - 'REMOVED')
[2018.10.25-19.16.47:197][868]LogWindows: Error: 
[2018.10.25-19.16.47:197][868]LogWindows: Error: 
[2018.10.25-19.16.47:197][868]LogWindows: Error: [Callstack] 0x00007ff9202aa388 KERNELBASE.dll!UnknownFunction []
[2018.10.25-19.16.47:197][868]LogWindows: Error: [Callstack] 0x00007ff8e4ab6850 UE4Editor-ApplicationCore.dll!UnknownFunction []
[2018.10.25-19.16.47:198][868]LogWindows: Error: [Callstack] 0x00007ff8cadc62fc UE4Editor-Core.dll!UnknownFunction []
[2018.10.25-19.16.47:198][868]LogWindows: Error: [Callstack] 0x00007ff8cad551db UE4Editor-Core.dll!UnknownFunction []
[2018.10.25-19.16.47:198][868]LogWindows: Error: [Callstack] 0x00007ff8a69aadea UE4Editor-D3D11RHI.dll!UnknownFunction []
[2018.10.25-19.16.47:198][868]LogWindows: Error: [Callstack] 0x00007ff8a69ae6e4 UE4Editor-D3D11RHI.dll!UnknownFunction []
[2018.10.25-19.16.47:198][868]LogWindows: Error: [Callstack] 0x00007ff8a698d0aa UE4Editor-D3D11RHI.dll!UnknownFunction []
[2018.10.25-19.16.47:198][868]LogWindows: Error: [Callstack] 0x00007ff8a699ab70 UE4Editor-D3D11RHI.dll!UnknownFunction []
[2018.10.25-19.16.47:198][868]LogWindows: Error: [Callstack] 0x00007ff8db1db106 UE4Editor-RHI.dll!UnknownFunction []
[2018.10.25-19.16.47:198][868]LogWindows: Error: [Callstack] 0x00007ff8a68a1b42 UE4Editor-SlateRHIRenderer.dll!UnknownFunction []
[2018.10.25-19.16.47:198][868]LogWindows: Error: [Callstack] 0x00007ff8a68a7d0a UE4Editor-SlateRHIRenderer.dll!UnknownFunction []
[2018.10.25-19.16.47:198][868]LogWindows: Error: [Callstack] 0x00007ff8cabe1f92 UE4Editor-Core.dll!UnknownFunction []
[2018.10.25-19.16.47:198][868]LogWindows: Error: [Callstack] 0x00007ff8cabe2456 UE4Editor-Core.dll!UnknownFunction []
[2018.10.25-19.16.47:198][868]LogWindows: Error: [Callstack] 0x00007ff8e74675f9 UE4Editor-RenderCore.dll!UnknownFunction []
[2018.10.25-19.16.47:198][868]LogWindows: Error: [Callstack] 0x00007ff8e7468574 UE4Editor-RenderCore.dll!UnknownFunction []
[2018.10.25-19.16.47:198][868]LogWindows: Error: [Callstack] 0x00007ff8cb026b7c UE4Editor-Core.dll!UnknownFunction []
[2018.10.25-19.16.47:198][868]LogWindows: Error: [Callstack] 0x00007ff8cb0217c7 UE4Editor-Core.dll!UnknownFunction []
[2018.10.25-19.16.47:198][868]LogWindows: Error: [Callstack] 0x00007ff923243034 KERNEL32.DLL!UnknownFunction []
[2018.10.25-19.16.47:198][868]LogWindows: Error: [Callstack] 0x00007ff923961461 ntdll.dll!UnknownFunction []
[2018.10.25-19.16.47:198][868]LogWindows: Error: 
[2018.10.25-19.16.47:198][868]LogWindows: Error: 
[2018.10.25-19.16.47:198][868]LogWindows: Error: 
[2018.10.25-19.16.47:198][868]LogWindows: Error: 
[2018.10.25-19.16.48:070][868]LogExit: Executing StaticShutdownAfterError
[2018.10.25-19.16.48:087][868]LogWindows: FPlatformMisc::RequestExit(1)
[2018.10.25-19.16.48:096][868]Log file closed, 10/25/18 15:16:48
